

Microchip Technology PIC18 LITE Macro Assembler V1.33 build 59893 
                                                                                               Fri Mar 13 00:15:04 2015

Microchip Technology Omniscient Code Generator (Lite mode) build 59893
     1                           	processor	18F4620
     2                           	fnconf	rparam,??,?,0
     3                           	opt	pw 120
     4                           	opt	lm
     5                           	psect	idataCOMRAM,global,class=CODE,delta=1
     6                           	psect	cinit,global,reloc=2,class=CODE,delta=1
     7                           	psect	bssCOMRAM,global,class=COMRAM,space=1,delta=1
     8                           	psect	dataCOMRAM,global,class=COMRAM,space=1,delta=1
     9                           	psect	cstackCOMRAM,global,class=COMRAM,space=1,delta=1
    10                           	psect	text0,global,reloc=2,class=CODE,delta=1
    11                           	psect	text1,global,reloc=2,class=CODE,delta=1
    12                           	psect	intcodelo,global,reloc=2,class=CODE,delta=1
    13                           	psect	intcode,global,reloc=2,class=CODE,delta=1
    14                           	psect	intcode_body,global,reloc=2,class=CODE,delta=1
    15                           	psect	intsave_regs,global,class=BIGRAM,space=1,delta=1
    16                           	psect	rparam,global,class=COMRAM,space=1,delta=1
    17  0000                     
    18                           	psect	idataCOMRAM
    19  0001D6                     __pidataCOMRAM:
    20                           	opt stack 0
    21                           
    22                           ;initializer for _backward
    23  0001D6  0001               	dw	1
    24                           
    25                           ;initializer for _left
    26  0001D8  0003               	dw	3
    27                           
    28                           ;initializer for _right
    29  0001DA  0002               	dw	2
    30  0000                     _ADCON0bits	set	4034
    31  0000                     _ADCON1bits	set	4033
    32  0000                     _ADCON2bits	set	4032
    33  0000                     _ADRESH	set	4036
    34  0000                     _ADRESL	set	4035
    35  0000                     _OSCCON	set	4051
    36  0000                     _OSCTUNE	set	3995
    37  0000                     _TRISA	set	3986
    38  0000                     _TRISB	set	3987
    39  0000                     _TRISC	set	3988
    40  0000                     _TRISD	set	3989
    41                           
    42                           ; #config settings
    43  0000                     
    44                           	psect	cinit
    45  0001A8                     __pcinit:
    46                           	opt stack 0
    47  0001A8                     start_initialization:
    48                           	opt stack 0
    49  0001A8                     __initialization:
    50                           	opt stack 0
    51                           
    52                           ; Clear objects allocated to COMRAM (4 bytes)
    53  0001A8  6A34               	clrf	(__pbssCOMRAM+3)& (0+255),c
    54  0001AA  6A33               	clrf	(__pbssCOMRAM+2)& (0+255),c
    55  0001AC  6A32               	clrf	(__pbssCOMRAM+1)& (0+255),c
    56  0001AE  6A31               	clrf	__pbssCOMRAM& (0+255),c
    57                           
    58                           ; Initialize objects allocated to COMRAM (6 bytes)
    59                           ; load TBLPTR registers with __pidataCOMRAM
    60  0001B0  0ED6               	movlw	low __pidataCOMRAM
    61  0001B2  6EF6               	movwf	tblptrl,c
    62  0001B4  0E01               	movlw	high __pidataCOMRAM
    63  0001B6  6EF7               	movwf	tblptrh,c
    64  0001B8  0E00               	movlw	low (__pidataCOMRAM shr (0+16))
    65  0001BA  6EF8               	movwf	tblptru,c
    66  0001BC  EE00  F02B         	lfsr	0,__pdataCOMRAM
    67  0001C0  EE10 F006          	lfsr	1,6
    68  0001C4                     copy_data0:
    69  0001C4  0009               	tblrd		*+
    70  0001C6  CFF5 FFEE          	movff	tablat,postinc0
    71  0001CA  50E5               	movf	postdec1,w,c
    72  0001CC  50E1               	movf	fsr1l,w,c
    73  0001CE  E1FA               	bnz	copy_data0
    74  0001D0                     end_of_initialization:
    75                           	opt stack 0
    76  0001D0                     __end_of__initialization:
    77                           	opt stack 0
    78  0001D0  0100               	movlb	0
    79  0001D2  EF53  F000         	goto	_main	;jump to C main() function
    80                           tblptru	equ	0xFF8
    81                           tblptrh	equ	0xFF7
    82                           tblptrl	equ	0xFF6
    83                           tablat	equ	0xFF5
    84                           postinc0	equ	0xFEE
    85                           postdec1	equ	0xFE5
    86                           fsr1l	equ	0xFE1
    87                           
    88                           	psect	bssCOMRAM
    89  000031                     __pbssCOMRAM:
    90                           	opt stack 0
    91  000031                     _direction:
    92                           	opt stack 0
    93  000031                     	ds	2
    94  000033                     _forward:
    95                           	opt stack 0
    96  000033                     	ds	2
    97                           tblptru	equ	0xFF8
    98                           tblptrh	equ	0xFF7
    99                           tblptrl	equ	0xFF6
   100                           tablat	equ	0xFF5
   101                           postinc0	equ	0xFEE
   102                           postdec1	equ	0xFE5
   103                           fsr1l	equ	0xFE1
   104                           
   105                           	psect	dataCOMRAM
   106  00002B                     __pdataCOMRAM:
   107                           	opt stack 0
   108  00002B                     _backward:
   109                           	opt stack 0
   110  00002B                     	ds	2
   111  00002D                     _left:
   112                           	opt stack 0
   113  00002D                     	ds	2
   114  00002F                     _right:
   115                           	opt stack 0
   116  00002F                     	ds	2
   117                           tblptru	equ	0xFF8
   118                           tblptrh	equ	0xFF7
   119                           tblptrl	equ	0xFF6
   120                           tablat	equ	0xFF5
   121                           postinc0	equ	0xFEE
   122                           postdec1	equ	0xFE5
   123                           fsr1l	equ	0xFE1
   124                           
   125                           	psect	cstackCOMRAM
   126  000001                     __pcstackCOMRAM:
   127                           	opt stack 0
   128  000001                     ??_low_isr:
   129  000001                     
   130                           ; 0 bytes @ 0x0
   131  000001                     	ds	17
   132  000012                     ??_high_isr:
   133                           
   134                           ; 0 bytes @ 0x11
   135  000012                     	ds	14
   136  000020                     ?_adc_convert:
   137                           	opt stack 0
   138                           
   139                           ; 2 bytes @ 0x1F
   140  000020                     	ds	2
   141  000022                     ??_adc_convert:
   142                           
   143                           ; 0 bytes @ 0x21
   144  000022                     	ds	2
   145  000024                     adc_convert@channel:
   146                           	opt stack 0
   147                           
   148                           ; 1 bytes @ 0x23
   149  000024                     	ds	1
   150  000025                     main@delay_time:
   151                           	opt stack 0
   152                           
   153                           ; 2 bytes @ 0x24
   154  000025                     	ds	2
   155  000027                     main@adc:
   156                           	opt stack 0
   157                           
   158                           ; 2 bytes @ 0x26
   159  000027                     	ds	2
   160  000029                     main@sample:
   161                           	opt stack 0
   162                           
   163                           ; 2 bytes @ 0x28
   164  000029                     	ds	2
   165                           tblptru	equ	0xFF8
   166                           tblptrh	equ	0xFF7
   167                           tblptrl	equ	0xFF6
   168                           tablat	equ	0xFF5
   169                           postinc0	equ	0xFEE
   170                           postdec1	equ	0xFE5
   171                           fsr1l	equ	0xFE1
   172                           
   173 ;;
   174 ;;Main: autosize = 0, tempsize = 0, incstack = 0, save=0
   175 ;;
   176 ;; *************** function _main *****************
   177 ;; Defined at:
   178 ;;		line 51 in file "main.c"
   179 ;; Parameters:    Size  Location     Type
   180 ;;		None
   181 ;; Auto vars:     Size  Location     Type
   182 ;;  sample          2   40[COMRAM] int 
   183 ;;  adc             2   38[COMRAM] unsigned int 
   184 ;;  delay_time      2   36[COMRAM] int 
   185 ;; Return value:  Size  Location     Type
   186 ;;		None               void
   187 ;; Registers used:
   188 ;;		wreg, status,2, status,0, cstack
   189 ;; Tracked objects:
   190 ;;		On entry : 0/0
   191 ;;		On exit  : 0/0
   192 ;;		Unchanged: 0/0
   193 ;; Data sizes:     COMRAM   BANK0   BANK1   BANK2   BANK3   BANK4   BANK5   BANK6   BANK7   BANK8   BANK9  BANK10  BANK1
      +1  BANK12  BANK13  BANK14  BANK15
   194 ;;      Params:         0       0       0       0       0       0       0       0       0       0       0       0       
      +0       0       0       0       0
   195 ;;      Locals:         6       0       0       0       0       0       0       0       0       0       0       0       
      +0       0       0       0       0
   196 ;;      Temps:          0       0       0       0       0       0       0       0       0       0       0       0       
      +0       0       0       0       0
   197 ;;      Totals:         6       0       0       0       0       0       0       0       0       0       0       0       
      +0       0       0       0       0
   198 ;;Total ram usage:        6 bytes
   199 ;; Hardware stack levels required when called:    3
   200 ;; This function calls:
   201 ;;		_adc_convert
   202 ;; This function is called by:
   203 ;;		Startup code after reset
   204 ;; This function uses a non-reentrant model
   205 ;;
   206                           
   207                           	psect	text0
   208  0000A6                     __ptext0:
   209                           	opt stack 0
   210  0000A6                     _main:
   211                           	opt stack 27
   212                           
   213                           ;incstack = 0
   214  0000A6  0E03               	movlw	3
   215  0000A8  6E26               	movwf	main@delay_time+1,c
   216  0000AA  0EE8               	movlw	232
   217  0000AC  6E25               	movwf	main@delay_time,c
   218                           
   219                           ;main.c: 54: OSCCON = 0b01111100;
   220  0000AE  0E7C               	movlw	124
   221  0000B0  6ED3               	movwf	4051,c	;volatile
   222                           
   223                           ;main.c: 56: OSCTUNE = 0b01001111;
   224  0000B2  0E4F               	movlw	79
   225  0000B4  6E9B               	movwf	3995,c	;volatile
   226                           
   227                           ;main.c: 64: TRISA = 0b00000001;
   228  0000B6  0E01               	movlw	1
   229  0000B8  6E92               	movwf	3986,c	;volatile
   230                           
   231                           ;main.c: 65: TRISC = 0x00;
   232  0000BA  0E00               	movlw	0
   233  0000BC  6E94               	movwf	3988,c	;volatile
   234                           
   235                           ;main.c: 66: TRISB = 0x08;
   236  0000BE  0E08               	movlw	8
   237  0000C0  6E93               	movwf	3987,c	;volatile
   238                           
   239                           ;main.c: 67: TRISD = 0b00000000;
   240  0000C2  0E00               	movlw	0
   241  0000C4  6E95               	movwf	3989,c	;volatile
   242                           
   243                           ;main.c: 72: ADCON0bits.CHS = 0b0001;
   244  0000C6  50C2               	movf	4034,w,c	;volatile
   245  0000C8  0BC3               	andlw	-61
   246  0000CA  0904               	iorlw	4
   247  0000CC  6EC2               	movwf	4034,c	;volatile
   248                           
   249                           ;main.c: 73: ADCON1bits.VCFG = 0b00;
   250  0000CE  0ECF               	movlw	-49
   251  0000D0  16C1               	andwf	4033,f,c	;volatile
   252                           
   253                           ;main.c: 74: ADCON0bits.ADON = 1;
   254  0000D2  80C2               	bsf	4034,0,c	;volatile
   255                           
   256                           ;main.c: 75: ADCON0bits.GO = 0;
   257  0000D4  92C2               	bcf	4034,1,c	;volatile
   258                           
   259                           ;main.c: 76: ADCON1bits.PCFG = 0b1110;
   260  0000D6  50C1               	movf	4033,w,c	;volatile
   261  0000D8  0BF0               	andlw	-16
   262  0000DA  090E               	iorlw	14
   263  0000DC  6EC1               	movwf	4033,c	;volatile
   264                           
   265                           ;main.c: 77: ADCON2bits.ADFM = 1;
   266  0000DE  8EC0               	bsf	4032,7,c	;volatile
   267                           
   268                           ;main.c: 78: ADCON2bits.ACQT = 0b010;
   269  0000E0  50C0               	movf	4032,w,c	;volatile
   270  0000E2  0BC7               	andlw	-57
   271  0000E4  0910               	iorlw	16
   272  0000E6  6EC0               	movwf	4032,c	;volatile
   273                           
   274                           ;main.c: 79: ADCON2bits.ADCS = 0b010;
   275  0000E8  50C0               	movf	4032,w,c	;volatile
   276  0000EA  0BF8               	andlw	-8
   277  0000EC  0902               	iorlw	2
   278  0000EE  6EC0               	movwf	4032,c	;volatile
   279                           
   280                           ;main.c: 80: unsigned int adc;
   281                           ;main.c: 81: int sample = 0;
   282  0000F0  0E00               	movlw	0
   283  0000F2  6E2A               	movwf	main@sample+1,c
   284  0000F4  0E00               	movlw	0
   285  0000F6  6E29               	movwf	main@sample,c
   286                           
   287                           ;main.c: 83: ADCON0bits.GO = 0;
   288  0000F8  92C2               	bcf	4034,1,c	;volatile
   289  0000FA                     l48:
   290  0000FA  B2C2               	btfsc	4034,1,c	;volatile
   291  0000FC  D7FE               	goto	l48
   292                           
   293                           ;main.c: 87: adc = adc_convert(0);
   294  0000FE  0E00               	movlw	0
   295  000100  ECBB  F000         	call	_adc_convert
   296  000104  C020  F027         	movff	?_adc_convert,main@adc
   297  000108  C021  F028         	movff	?_adc_convert+1,main@adc+1
   298  00010C  D7F6               	goto	l48
   299  00010E                     __end_of_main:
   300                           	opt stack 0
   301                           tblptru	equ	0xFF8
   302                           tblptrh	equ	0xFF7
   303                           tblptrl	equ	0xFF6
   304                           tablat	equ	0xFF5
   305                           postinc0	equ	0xFEE
   306                           postdec1	equ	0xFE5
   307                           fsr1l	equ	0xFE1
   308                           
   309 ;; *************** function _adc_convert *****************
   310 ;; Defined at:
   311 ;;		line 43 in file "main.c"
   312 ;; Parameters:    Size  Location     Type
   313 ;;  channel         1    wreg     unsigned char 
   314 ;; Auto vars:     Size  Location     Type
   315 ;;  channel         1   35[COMRAM] unsigned char 
   316 ;; Return value:  Size  Location     Type
   317 ;;                  2   31[COMRAM] unsigned int 
   318 ;; Registers used:
   319 ;;		wreg, status,2, status,0
   320 ;; Tracked objects:
   321 ;;		On entry : 0/0
   322 ;;		On exit  : 0/0
   323 ;;		Unchanged: 0/0
   324 ;; Data sizes:     COMRAM   BANK0   BANK1   BANK2   BANK3   BANK4   BANK5   BANK6   BANK7   BANK8   BANK9  BANK10  BANK1
      +1  BANK12  BANK13  BANK14  BANK15
   325 ;;      Params:         2       0       0       0       0       0       0       0       0       0       0       0       
      +0       0       0       0       0
   326 ;;      Locals:         1       0       0       0       0       0       0       0       0       0       0       0       
      +0       0       0       0       0
   327 ;;      Temps:          2       0       0       0       0       0       0       0       0       0       0       0       
      +0       0       0       0       0
   328 ;;      Totals:         5       0       0       0       0       0       0       0       0       0       0       0       
      +0       0       0       0       0
   329 ;;Total ram usage:        5 bytes
   330 ;; Hardware stack levels used:    1
   331 ;; Hardware stack levels required when called:    2
   332 ;; This function calls:
   333 ;;		Nothing
   334 ;; This function is called by:
   335 ;;		_main
   336 ;; This function uses a non-reentrant model
   337 ;;
   338                           
   339                           	psect	text1
   340  000176                     __ptext1:
   341                           	opt stack 0
   342  000176                     _adc_convert:
   343                           	opt stack 27
   344                           
   345                           ;incstack = 0
   346                           ;adc_convert@channel stored from wreg
   347  000176  6E24               	movwf	adc_convert@channel,c
   348                           
   349                           ;main.c: 45: ADCON0bits.CHS = channel;
   350  000178  C024  F022         	movff	adc_convert@channel,??_adc_convert
   351  00017C  4622               	rlncf	??_adc_convert,f,c
   352  00017E  4622               	rlncf	??_adc_convert,f,c
   353  000180  50C2               	movf	4034,w,c	;volatile
   354  000182  1822               	xorwf	??_adc_convert,w,c
   355  000184  0BC3               	andlw	-61
   356  000186  1822               	xorwf	??_adc_convert,w,c
   357  000188  6EC2               	movwf	4034,c	;volatile
   358                           
   359                           ;main.c: 46: ADCON0bits.GO = 0b1;
   360  00018A  82C2               	bsf	4034,1,c	;volatile
   361  00018C                     l41:
   362  00018C  B2C2               	btfsc	4034,1,c	;volatile
   363  00018E  D7FE               	goto	l41
   364                           
   365                           ;main.c: 48: return (ADRESH<<8)|ADRESL;
   366  000190  50C3               	movf	4035,w,c	;volatile
   367  000192  CFC4 F022          	movff	4036,??_adc_convert	;volatile
   368  000196  6A23               	clrf	(??_adc_convert+1)& (0+255),c
   369  000198  C022  F023         	movff	??_adc_convert,??_adc_convert+1
   370  00019C  6A22               	clrf	??_adc_convert,c
   371  00019E  1022               	iorwf	??_adc_convert,w,c
   372  0001A0  6E20               	movwf	?_adc_convert,c
   373  0001A2  5023               	movf	??_adc_convert+1,w,c
   374  0001A4  6E21               	movwf	?_adc_convert+1,c
   375  0001A6  0012               	return	
   376  0001A8                     __end_of_adc_convert:
   377                           	opt stack 0
   378                           tblptru	equ	0xFF8
   379                           tblptrh	equ	0xFF7
   380                           tblptrl	equ	0xFF6
   381                           tablat	equ	0xFF5
   382                           postinc0	equ	0xFEE
   383                           postdec1	equ	0xFE5
   384                           fsr1l	equ	0xFE1
   385                           
   386 ;; *************** function _low_isr *****************
   387 ;; Defined at:
   388 ;;		line 94 in file "interrupts.c"
   389 ;; Parameters:    Size  Location     Type
   390 ;;		None
   391 ;; Auto vars:     Size  Location     Type
   392 ;;		None
   393 ;; Return value:  Size  Location     Type
   394 ;;		None               void
   395 ;; Registers used:
   396 ;;		None
   397 ;; Tracked objects:
   398 ;;		On entry : 0/0
   399 ;;		On exit  : 0/0
   400 ;;		Unchanged: 0/0
   401 ;; Data sizes:     COMRAM   BANK0   BANK1   BANK2   BANK3   BANK4   BANK5   BANK6   BANK7   BANK8   BANK9  BANK10  BANK1
      +1  BANK12  BANK13  BANK14  BANK15
   402 ;;      Params:         0       0       0       0       0       0       0       0       0       0       0       0       
      +0       0       0       0       0
   403 ;;      Locals:         0       0       0       0       0       0       0       0       0       0       0       0       
      +0       0       0       0       0
   404 ;;      Temps:         17       0       0       0       0       0       0       0       0       0       0       0       
      +0       0       0       0       0
   405 ;;      Totals:        17       0       0       0       0       0       0       0       0       0       0       0       
      +0       0       0       0       0
   406 ;;Total ram usage:       17 bytes
   407 ;; Hardware stack levels used:    1
   408 ;; Hardware stack levels required when called:    1
   409 ;; This function calls:
   410 ;;		Nothing
   411 ;; This function is called by:
   412 ;;		Interrupt level 1
   413 ;; This function uses a non-reentrant model
   414 ;;
   415                           
   416                           	psect	intcodelo
   417  000018                     __pintcodelo:
   418                           	opt stack 0
   419  000018                     _low_isr:
   420                           	opt stack 27
   421                           
   422                           ;incstack = 0
   423  000018  CFD8 F001          	movff	status,??_low_isr
   424  00001C  CFE8 F002          	movff	wreg,??_low_isr+1
   425  000020  CFE0 F003          	movff	bsr,??_low_isr+2
   426  000024  CFFA F004          	movff	pclath,??_low_isr+3
   427  000028  CFFB F005          	movff	pclatu,??_low_isr+4
   428  00002C  CFE9 F006          	movff	fsr0l,??_low_isr+5
   429  000030  CFEA F007          	movff	fsr0h,??_low_isr+6
   430  000034  CFE1 F008          	movff	fsr1l,??_low_isr+7
   431  000038  CFE2 F009          	movff	fsr1h,??_low_isr+8
   432  00003C  CFD9 F00A          	movff	fsr2l,??_low_isr+9
   433  000040  CFDA F00B          	movff	fsr2h,??_low_isr+10
   434  000044  CFF3 F00C          	movff	prodl,??_low_isr+11
   435  000048  CFF4 F00D          	movff	prodh,??_low_isr+12
   436  00004C  CFF6 F00E          	movff	tblptrl,??_low_isr+13
   437  000050  CFF7 F00F          	movff	tblptrh,??_low_isr+14
   438  000054  CFF8 F010          	movff	tblptru,??_low_isr+15
   439  000058  CFF5 F011          	movff	tablat,??_low_isr+16
   440  00005C  C011  FFF5         	movff	??_low_isr+16,tablat
   441  000060  C010  FFF8         	movff	??_low_isr+15,tblptru
   442  000064  C00F  FFF7         	movff	??_low_isr+14,tblptrh
   443  000068  C00E  FFF6         	movff	??_low_isr+13,tblptrl
   444  00006C  C00D  FFF4         	movff	??_low_isr+12,prodh
   445  000070  C00C  FFF3         	movff	??_low_isr+11,prodl
   446  000074  C00B  FFDA         	movff	??_low_isr+10,fsr2h
   447  000078  C00A  FFD9         	movff	??_low_isr+9,fsr2l
   448  00007C  C009  FFE2         	movff	??_low_isr+8,fsr1h
   449  000080  C008  FFE1         	movff	??_low_isr+7,fsr1l
   450  000084  C007  FFEA         	movff	??_low_isr+6,fsr0h
   451  000088  C006  FFE9         	movff	??_low_isr+5,fsr0l
   452  00008C  C005  FFFB         	movff	??_low_isr+4,pclatu
   453  000090  C004  FFFA         	movff	??_low_isr+3,pclath
   454  000094  C003  FFE0         	movff	??_low_isr+2,bsr
   455  000098  C002  FFE8         	movff	??_low_isr+1,wreg
   456  00009C  C001  FFD8         	movff	??_low_isr,status
   457  0000A0  0010               	retfie	
   458  0000A2                     __end_of_low_isr:
   459                           	opt stack 0
   460                           pclatu	equ	0xFFB
   461                           pclath	equ	0xFFA
   462                           tblptru	equ	0xFF8
   463                           tblptrh	equ	0xFF7
   464                           tblptrl	equ	0xFF6
   465                           tablat	equ	0xFF5
   466                           prodh	equ	0xFF4
   467                           prodl	equ	0xFF3
   468                           postinc0	equ	0xFEE
   469                           fsr0h	equ	0xFEA
   470                           fsr0l	equ	0xFE9
   471                           wreg	equ	0xFE8
   472                           postdec1	equ	0xFE5
   473                           fsr1h	equ	0xFE2
   474                           fsr1l	equ	0xFE1
   475                           bsr	equ	0xFE0
   476                           fsr2h	equ	0xFDA
   477                           fsr2l	equ	0xFD9
   478                           status	equ	0xFD8
   479                           
   480 ;; *************** function _high_isr *****************
   481 ;; Defined at:
   482 ;;		line 44 in file "interrupts.c"
   483 ;; Parameters:    Size  Location     Type
   484 ;;		None
   485 ;; Auto vars:     Size  Location     Type
   486 ;;		None
   487 ;; Return value:  Size  Location     Type
   488 ;;		None               void
   489 ;; Registers used:
   490 ;;		None
   491 ;; Tracked objects:
   492 ;;		On entry : 0/0
   493 ;;		On exit  : 0/0
   494 ;;		Unchanged: 0/0
   495 ;; Data sizes:     COMRAM   BANK0   BANK1   BANK2   BANK3   BANK4   BANK5   BANK6   BANK7   BANK8   BANK9  BANK10  BANK1
      +1  BANK12  BANK13  BANK14  BANK15
   496 ;;      Params:         0       0       0       0       0       0       0       0       0       0       0       0       
      +0       0       0       0       0
   497 ;;      Locals:         0       0       0       0       0       0       0       0       0       0       0       0       
      +0       0       0       0       0
   498 ;;      Temps:         14       0       0       0       0       0       0       0       0       0       0       0       
      +0       0       0       0       0
   499 ;;      Totals:        14       0       0       0       0       0       0       0       0       0       0       0       
      +0       0       0       0       0
   500 ;;Total ram usage:       14 bytes
   501 ;; Hardware stack levels used:    1
   502 ;; This function calls:
   503 ;;		Nothing
   504 ;; This function is called by:
   505 ;;		Interrupt level 2
   506 ;; This function uses a non-reentrant model
   507 ;;
   508                           
   509                           	psect	intcode
   510  000008                     __pintcode:
   511                           	opt stack 0
   512  000008                     _high_isr:
   513                           	opt stack 27
   514                           
   515                           ;incstack = 0
   516  000008  CFFA F012          	movff	pclath,??_high_isr
   517  00000C  CFFB F013          	movff	pclatu,??_high_isr+1
   518  000010  CFE9 F014          	movff	fsr0l,??_high_isr+2
   519  000014  ED87  F000         	call	int_func,f	;refresh shadow registers
   520                           pclatu	equ	0xFFB
   521                           pclath	equ	0xFFA
   522                           tblptru	equ	0xFF8
   523                           tblptrh	equ	0xFF7
   524                           tblptrl	equ	0xFF6
   525                           tablat	equ	0xFF5
   526                           prodh	equ	0xFF4
   527                           prodl	equ	0xFF3
   528                           postinc0	equ	0xFEE
   529                           fsr0h	equ	0xFEA
   530                           fsr0l	equ	0xFE9
   531                           wreg	equ	0xFE8
   532                           postdec1	equ	0xFE5
   533                           fsr1h	equ	0xFE2
   534                           fsr1l	equ	0xFE1
   535                           bsr	equ	0xFE0
   536                           fsr2h	equ	0xFDA
   537                           fsr2l	equ	0xFD9
   538                           status	equ	0xFD8
   539                           
   540                           	psect	intcode_body
   541  00010E                     __pintcode_body:
   542                           	opt stack 27
   543  00010E                     int_func:
   544                           	opt stack 27
   545  00010E  0006               	pop		; remove dummy address from shadow register refresh
   546  000110  CFEA F015          	movff	fsr0h,??_high_isr+3
   547  000114  CFE1 F016          	movff	fsr1l,??_high_isr+4
   548  000118  CFE2 F017          	movff	fsr1h,??_high_isr+5
   549  00011C  CFD9 F018          	movff	fsr2l,??_high_isr+6
   550  000120  CFDA F019          	movff	fsr2h,??_high_isr+7
   551  000124  CFF3 F01A          	movff	prodl,??_high_isr+8
   552  000128  CFF4 F01B          	movff	prodh,??_high_isr+9
   553  00012C  CFF6 F01C          	movff	tblptrl,??_high_isr+10
   554  000130  CFF7 F01D          	movff	tblptrh,??_high_isr+11
   555  000134  CFF8 F01E          	movff	tblptru,??_high_isr+12
   556  000138  CFF5 F01F          	movff	tablat,??_high_isr+13
   557  00013C  C01F  FFF5         	movff	??_high_isr+13,tablat
   558  000140  C01E  FFF8         	movff	??_high_isr+12,tblptru
   559  000144  C01D  FFF7         	movff	??_high_isr+11,tblptrh
   560  000148  C01C  FFF6         	movff	??_high_isr+10,tblptrl
   561  00014C  C01B  FFF4         	movff	??_high_isr+9,prodh
   562  000150  C01A  FFF3         	movff	??_high_isr+8,prodl
   563  000154  C019  FFDA         	movff	??_high_isr+7,fsr2h
   564  000158  C018  FFD9         	movff	??_high_isr+6,fsr2l
   565  00015C  C017  FFE2         	movff	??_high_isr+5,fsr1h
   566  000160  C016  FFE1         	movff	??_high_isr+4,fsr1l
   567  000164  C015  FFEA         	movff	??_high_isr+3,fsr0h
   568  000168  C014  FFE9         	movff	??_high_isr+2,fsr0l
   569  00016C  C013  FFFB         	movff	??_high_isr+1,pclatu
   570  000170  C012  FFFA         	movff	??_high_isr,pclath
   571  000174  0011               	retfie		f
   572  000176                     __end_of_high_isr:
   573                           	opt stack 0
   574  0000                     pclatu	equ	0xFFB
   575                           pclath	equ	0xFFA
   576                           tblptru	equ	0xFF8
   577                           tblptrh	equ	0xFF7
   578                           tblptrl	equ	0xFF6
   579                           tablat	equ	0xFF5
   580                           prodh	equ	0xFF4
   581                           prodl	equ	0xFF3
   582                           postinc0	equ	0xFEE
   583                           fsr0h	equ	0xFEA
   584                           fsr0l	equ	0xFE9
   585                           wreg	equ	0xFE8
   586                           postdec1	equ	0xFE5
   587                           fsr1h	equ	0xFE2
   588                           fsr1l	equ	0xFE1
   589                           bsr	equ	0xFE0
   590                           fsr2h	equ	0xFDA
   591                           fsr2l	equ	0xFD9
   592                           status	equ	0xFD8
   593                           pclatu	equ	0xFFB
   594                           pclath	equ	0xFFA
   595                           tblptru	equ	0xFF8
   596                           tblptrh	equ	0xFF7
   597                           tblptrl	equ	0xFF6
   598                           tablat	equ	0xFF5
   599                           prodh	equ	0xFF4
   600                           prodl	equ	0xFF3
   601                           postinc0	equ	0xFEE
   602                           fsr0h	equ	0xFEA
   603                           fsr0l	equ	0xFE9
   604                           wreg	equ	0xFE8
   605                           postdec1	equ	0xFE5
   606                           fsr1h	equ	0xFE2
   607                           fsr1l	equ	0xFE1
   608                           bsr	equ	0xFE0
   609                           fsr2h	equ	0xFDA
   610                           fsr2l	equ	0xFD9
   611                           status	equ	0xFD8
   612                           
   613                           	psect	rparam
   614  0000                     pclatu	equ	0xFFB
   615                           pclath	equ	0xFFA
   616                           tblptru	equ	0xFF8
   617                           tblptrh	equ	0xFF7
   618                           tblptrl	equ	0xFF6
   619                           tablat	equ	0xFF5
   620                           prodh	equ	0xFF4
   621                           prodl	equ	0xFF3
   622                           postinc0	equ	0xFEE
   623                           fsr0h	equ	0xFEA
   624                           fsr0l	equ	0xFE9
   625                           wreg	equ	0xFE8
   626                           postdec1	equ	0xFE5
   627                           fsr1h	equ	0xFE2
   628                           fsr1l	equ	0xFE1
   629                           bsr	equ	0xFE0
   630                           fsr2h	equ	0xFDA
   631                           fsr2l	equ	0xFD9
   632                           status	equ	0xFD8


Data Sizes:
    Strings     0
    Constant    0
    Data        6
    BSS         4
    Persistent  0
    Stack       0

Auto Spaces:
    Space          Size  Autos    Used
    COMRAM          127     42      52
    BANK0           128      0       0
    BANK1           256      0       0
    BANK2           256      0       0
    BANK3           256      0       0
    BANK4           256      0       0
    BANK5           256      0       0
    BANK6           256      0       0
    BANK7           256      0       0
    BANK8           256      0       0
    BANK9           256      0       0
    BANK10          256      0       0
    BANK11          256      0       0
    BANK12          256      0       0
    BANK13          256      0       0
    BANK14          239      0       0
    BANK15          128      0       0

Pointer List with Targets:

    None.

Critical Paths under _main in COMRAM

    _main->_adc_convert

Critical Paths under _high_isr in COMRAM

    None.

Critical Paths under _low_isr in COMRAM

    None.

Critical Paths under _main in BANK0

    None.

Critical Paths under _high_isr in BANK0

    None.

Critical Paths under _low_isr in BANK0

    None.

Critical Paths under _main in BANK1

    None.

Critical Paths under _high_isr in BANK1

    None.

Critical Paths under _low_isr in BANK1

    None.

Critical Paths under _main in BANK2

    None.

Critical Paths under _high_isr in BANK2

    None.

Critical Paths under _low_isr in BANK2

    None.

Critical Paths under _main in BANK3

    None.

Critical Paths under _high_isr in BANK3

    None.

Critical Paths under _low_isr in BANK3

    None.

Critical Paths under _main in BANK4

    None.

Critical Paths under _high_isr in BANK4

    None.

Critical Paths under _low_isr in BANK4

    None.

Critical Paths under _main in BANK5

    None.

Critical Paths under _high_isr in BANK5

    None.

Critical Paths under _low_isr in BANK5

    None.

Critical Paths under _main in BANK6

    None.

Critical Paths under _high_isr in BANK6

    None.

Critical Paths under _low_isr in BANK6

    None.

Critical Paths under _main in BANK7

    None.

Critical Paths under _high_isr in BANK7

    None.

Critical Paths under _low_isr in BANK7

    None.

Critical Paths under _main in BANK8

    None.

Critical Paths under _high_isr in BANK8

    None.

Critical Paths under _low_isr in BANK8

    None.

Critical Paths under _main in BANK9

    None.

Critical Paths under _high_isr in BANK9

    None.

Critical Paths under _low_isr in BANK9

    None.

Critical Paths under _main in BANK10

    None.

Critical Paths under _high_isr in BANK10

    None.

Critical Paths under _low_isr in BANK10

    None.

Critical Paths under _main in BANK11

    None.

Critical Paths under _high_isr in BANK11

    None.

Critical Paths under _low_isr in BANK11

    None.

Critical Paths under _main in BANK12

    None.

Critical Paths under _high_isr in BANK12

    None.

Critical Paths under _low_isr in BANK12

    None.

Critical Paths under _main in BANK13

    None.

Critical Paths under _high_isr in BANK13

    None.

Critical Paths under _low_isr in BANK13

    None.

Critical Paths under _main in BANK14

    None.

Critical Paths under _high_isr in BANK14

    None.

Critical Paths under _low_isr in BANK14

    None.

Critical Paths under _main in BANK15

    None.

Critical Paths under _high_isr in BANK15

    None.

Critical Paths under _low_isr in BANK15

    None.

Call Graph Tables:

 ---------------------------------------------------------------------------------
 (Depth) Function   	        Calls       Base Space   Used Autos Params    Refs
 ---------------------------------------------------------------------------------
 (0) _main                                                 6     6      0      15
                                             36 COMRAM     6     6      0
                        _adc_convert
 ---------------------------------------------------------------------------------
 (1) _adc_convert                                          5     3      2      15
                                             31 COMRAM     5     3      2
 ---------------------------------------------------------------------------------
 Estimated maximum stack depth 1
 ---------------------------------------------------------------------------------
 (Depth) Function   	        Calls       Base Space   Used Autos Params    Refs
 ---------------------------------------------------------------------------------
 (2) _low_isr                                             17    17      0       0
                                              0 COMRAM    17    17      0
 ---------------------------------------------------------------------------------
 Estimated maximum stack depth 2
 ---------------------------------------------------------------------------------
 (Depth) Function   	        Calls       Base Space   Used Autos Params    Refs
 ---------------------------------------------------------------------------------
 (3) _high_isr                                            14    14      0       0
                                             17 COMRAM    14    14      0
 ---------------------------------------------------------------------------------
 Estimated maximum stack depth 3
 ---------------------------------------------------------------------------------

 Call Graph Graphs:

 _main (ROOT)
   _adc_convert

 _low_isr (ROOT)

 _high_isr (ROOT)

 Address spaces:
Name               Size   Autos  Total    Cost      Usage
BIGRAM             EEE      0       0      38        0.0%
EEDATA             400      0       0       0        0.0%
BITBANK13          100      0       0      31        0.0%
BANK13             100      0       0      32        0.0%
BITBANK12          100      0       0      29        0.0%
BANK12             100      0       0      30        0.0%
BITBANK11          100      0       0      27        0.0%
BANK11             100      0       0      28        0.0%
BITBANK10          100      0       0      25        0.0%
BANK10             100      0       0      26        0.0%
BITBANK9           100      0       0      23        0.0%
BANK9              100      0       0      24        0.0%
BITBANK8           100      0       0      21        0.0%
BANK8              100      0       0      22        0.0%
BITBANK7           100      0       0      19        0.0%
BANK7              100      0       0      20        0.0%
BITBANK6           100      0       0      17        0.0%
BANK6              100      0       0      18        0.0%
BITBANK5           100      0       0      15        0.0%
BANK5              100      0       0      16        0.0%
BITBANK4           100      0       0      13        0.0%
BANK4              100      0       0      14        0.0%
BITBANK3           100      0       0      11        0.0%
BANK3              100      0       0      12        0.0%
BITBANK2           100      0       0       9        0.0%
BANK2              100      0       0      10        0.0%
BITBANK1           100      0       0       7        0.0%
BANK1              100      0       0       8        0.0%
BITBANK14           EF      0       0      33        0.0%
BANK14              EF      0       0      34        0.0%
BITBANK15           80      0       0      35        0.0%
BANK15              80      0       0      36        0.0%
BITBANK0            80      0       0       4        0.0%
BANK0               80      0       0       5        0.0%
BIGRAM_1            80      0       0      37        0.0%
BITCOMRAM           7F      0       0       0        0.0%
COMRAM              7F     2A      34       1       40.9%
BITSFR_5             0      0       0      40        0.0%
SFR_5                0      0       0      40        0.0%
BITSFR_4             0      0       0      40        0.0%
SFR_4                0      0       0      40        0.0%
BITSFR_3             0      0       0      40        0.0%
SFR_3                0      0       0      40        0.0%
BITSFR_2             0      0       0      40        0.0%
SFR_2                0      0       0      40        0.0%
BITSFR_1             0      0       0      40        0.0%
SFR_1                0      0       0      40        0.0%
BITSFR               0      0       0      40        0.0%
SFR                  0      0       0      40        0.0%
STACK                0      0       0       2        0.0%
NULL                 0      0       0       0        0.0%
ABS                  0      0      34       6        0.0%
DATA                 0      0      34       3        0.0%
CODE                 0      0       0       0        0.0%


Microchip Technology PIC18 Macro Assembler V1.33 build 59893 
Symbol Table                                                                                   Fri Mar 13 00:15:04 2015

                     l41 018C                       l48 00FA                       bsr 000FE0  
            __CFG_BORV$3 000000             __CFG_CP0$OFF 000000             __CFG_CP1$OFF 000000  
           __CFG_CP2$OFF 000000             __CFG_CP3$OFF 000000              __CFG_LVP$ON 000000  
   __size_of_adc_convert 0032             __CFG_CPB$OFF 000000             __CFG_CPD$OFF 000000  
                    wreg 000FE8             __CFG_WDT$OFF 000000                     _main 00A6  
                   _left 002D                     fsr0h 000FEA                     fsr1h 000FE2  
                   fsr0l 000FE9                     fsr2h 000FDA                     fsr1l 000FE1  
                   fsr2l 000FD9                     pclat 000FFA                     prodh 000FF4  
                   prodl 000FF3                     start 00A2            __CFG_IESO$OFF 000000  
          __CFG_MCLRE$ON 000000                    ?_main 0001                    _TRISA 000F92  
                  _TRISB 000F93                    _TRISC 000F94                    _TRISD 000F95  
          __CFG_PWRT$OFF 000000            __CFG_WRT0$OFF 000000            __CFG_WRT1$OFF 000000  
          __CFG_WRT2$OFF 000000            __CFG_WRT3$OFF 000000           __CFG_EBTR0$OFF 000000  
         __CFG_FCMEN$OFF 000000           __CFG_EBTR1$OFF 000000           __CFG_EBTR2$OFF 000000  
         __CFG_EBTR3$OFF 000000            __CFG_WRTB$OFF 000000            __CFG_WRTC$OFF 000000  
          __CFG_WRTD$OFF 000000           __CFG_EBTRB$OFF 000000                    _right 002F  
        __end_of_low_isr 00A2                    tablat 000FF5                    status 000FD8  
        __initialization 01A8             __end_of_main 010E                   ??_main 0025  
          __activetblptr 000000                   _ADRESH 000FC4                   _ADRESL 000FC3  
                 _OSCCON 000FD3           __CFG_XINST$OFF 000000         __end_of_high_isr 0176  
         __CFG_STVREN$ON 000000             __pdataCOMRAM 002B                ??_low_isr 0001  
                 tblptrh 000FF7                   tblptrl 000FF6                   tblptru 000FF8  
             __accesstop 0080  __end_of__initialization 01D0          __CFG_PBADEN$OFF 000000  
         __pcstackCOMRAM 0001           main@delay_time 0025            ??_adc_convert 0022  
                _OSCTUNE 000F9B                ?_high_isr 0001                  __Hparam 0000  
                __Lparam 0000                  __pcinit 01A8                  __ramtop 1000  
                __ptext0 00A6                  __ptext1 0176                  _forward 0033  
    __end_of_adc_convert 01A8                  _low_isr 0018                  main@adc 0027  
             ??_high_isr 0012           __pintcode_body 010E     end_of_initialization 01D0  
                int_func 010E                  postdec1 000FE5                  postinc0 000FEE  
             main@sample 0029       adc_convert@channel 0024              _adc_convert 0176  
          __pidataCOMRAM 01D6      start_initialization 01A8         __CFG_OSC$INTIO67 000000  
       __CFG_LPT1OSC$OFF 000000              __pbssCOMRAM 0031        __size_of_high_isr 016E  
      __CFG_CCP2MX$PORTC 000000                __pintcode 0008                _direction 0031  
            __pintcodelo 0018                 ?_low_isr 0001         __CFG_WDTPS$32768 000000  
             _ADCON0bits 000FC2               _ADCON1bits 000FC1               _ADCON2bits 000FC0  
              copy_data0 01C4                 __Hrparam 0000                 __Lrparam 0000  
     __CFG_BOREN$SBORDIS 000000             ?_adc_convert 0020                 _backward 002B  
       __size_of_low_isr 008A                 _high_isr 0008            __size_of_main 0068  
               intlevel1 0000                 intlevel2 0000  
