

Microchip Technology PIC18 LITE Macro Assembler V1.33 build 59893 
                                                                                               Mon Apr 27 04:21:08 2015

Microchip Technology Omniscient Code Generator (Lite mode) build 59893
     1                           	processor	18F4620
     2                           	fnconf	rparam,??,?,0
     3                           	opt	pw 120
     4                           	opt	lm
     5                           	psect	nvCOMRAM,global,class=COMRAM,space=1,delta=1
     6                           	psect	cinit,global,reloc=2,class=CODE,delta=1
     7                           	psect	bssCOMRAM,global,class=COMRAM,space=1,delta=1
     8                           	psect	cstackCOMRAM,global,class=COMRAM,space=1,delta=1
     9                           	psect	text0,global,reloc=2,class=CODE,delta=1
    10                           	psect	text1,global,reloc=2,class=CODE,delta=1
    11                           	psect	intcodelo,global,reloc=2,class=CODE,delta=1
    12                           	psect	intcode,global,reloc=2,class=CODE,delta=1
    13                           	psect	intcode_body,global,reloc=2,class=CODE,delta=1
    14                           	psect	intsave_regs,global,class=BIGRAM,space=1,delta=1
    15                           	psect	rparam,global,class=COMRAM,space=1,delta=1
    16  0000                     _ADCON0bits	set	4034
    17  0000                     _ADCON1bits	set	4033
    18  0000                     _ADCON2bits	set	4032
    19  0000                     _ADRESH	set	4036
    20  0000                     _ADRESL	set	4035
    21  0000                     _INTCONbits	set	4082
    22  0000                     _LATC	set	3979
    23  0000                     _LATCbits	set	3979
    24  0000                     _LATD	set	3980
    25  0000                     _OSCCON	set	4051
    26  0000                     _OSCTUNE	set	3995
    27  0000                     _PIE1bits	set	3997
    28  0000                     _PIE2bits	set	4000
    29  0000                     _PIR1bits	set	3998
    30  0000                     _PIR2bits	set	4001
    31  0000                     _RCONbits	set	4048
    32  0000                     _T1CONbits	set	4045
    33  0000                     _T3CONbits	set	4017
    34  0000                     _TMR1H	set	4047
    35  0000                     _TMR1L	set	4046
    36  0000                     _TMR3H	set	4019
    37  0000                     _TMR3L	set	4018
    38  0000                     _TRISA	set	3986
    39  0000                     _TRISB	set	3987
    40  0000                     _TRISC	set	3988
    41  0000                     _TRISD	set	3989
    42                           
    43                           	psect	nvCOMRAM
    44  000048                     __pnvCOMRAM:
    45                           	opt stack 0
    46  000048                     _forward:
    47                           	opt stack 0
    48  000048                     	ds	2
    49  00004A                     _lstep:
    50                           	opt stack 0
    51  00004A                     	ds	2
    52  00004C                     _lturnstep:
    53                           	opt stack 0
    54  00004C                     	ds	2
    55  00004E                     _rstep:
    56                           	opt stack 0
    57  00004E                     	ds	2
    58  000050                     _ustep:
    59                           	opt stack 0
    60  000050                     	ds	2
    61  000052                     _lmotorstephigh:
    62                           	opt stack 0
    63  000052                     	ds	1
    64  000053                     _lmotorsteplow:
    65                           	opt stack 0
    66  000053                     	ds	1
    67  000054                     _rmotorstephigh:
    68                           	opt stack 0
    69  000054                     	ds	1
    70  000055                     _rmotorsteplow:
    71                           	opt stack 0
    72  000055                     	ds	1
    73                           
    74                           ; #config settings
    75  0000                     
    76                           	psect	cinit
    77  00038C                     __pcinit:
    78                           	opt stack 0
    79  00038C                     start_initialization:
    80                           	opt stack 0
    81  00038C                     __initialization:
    82                           	opt stack 0
    83                           
    84                           ; Clear objects allocated to COMRAM (40 bytes)
    85  00038C  EE00  F001         	lfsr	0,__pbssCOMRAM
    86  000390  0E28               	movlw	40
    87  000392                     clear_0:
    88  000392  6AEE               	clrf	postinc0,c
    89  000394  06E8               	decf	wreg,f,c
    90  000396  E1FD               	bnz	clear_0
    91  000398                     end_of_initialization:
    92                           	opt stack 0
    93  000398                     __end_of__initialization:
    94                           	opt stack 0
    95  000398  0100               	movlb	0
    96  00039A  EF5E  F001         	goto	_main	;jump to C main() function
    97                           postinc0	equ	0xFEE
    98                           wreg	equ	0xFE8
    99                           
   100                           	psect	bssCOMRAM
   101  000001                     __pbssCOMRAM:
   102                           	opt stack 0
   103  000001                     _adc:
   104                           	opt stack 0
   105  000001                     	ds	2
   106  000003                     _front_wall:
   107                           	opt stack 0
   108  000003                     	ds	2
   109  000005                     _has_front_wall:
   110                           	opt stack 0
   111  000005                     	ds	2
   112  000007                     _has_left_wall:
   113                           	opt stack 0
   114  000007                     	ds	2
   115  000009                     _has_right_wall:
   116                           	opt stack 0
   117  000009                     	ds	2
   118  00000B                     _left:
   119                           	opt stack 0
   120  00000B                     	ds	2
   121  00000D                     _left_wall:
   122                           	opt stack 0
   123  00000D                     	ds	2
   124  00000F                     _leftadc:
   125                           	opt stack 0
   126  00000F                     	ds	2
   127  000011                     _lstepcount:
   128                           	opt stack 0
   129  000011                     	ds	2
   130  000013                     _lturn:
   131                           	opt stack 0
   132  000013                     	ds	2
   133  000015                     _lturncount:
   134                           	opt stack 0
   135  000015                     	ds	2
   136  000017                     _middleadc:
   137                           	opt stack 0
   138  000017                     	ds	2
   139  000019                     _prev_adc:
   140                           	opt stack 0
   141  000019                     	ds	2
   142  00001B                     _right:
   143                           	opt stack 0
   144  00001B                     	ds	2
   145  00001D                     _right_wall:
   146                           	opt stack 0
   147  00001D                     	ds	2
   148  00001F                     _rightadc:
   149                           	opt stack 0
   150  00001F                     	ds	2
   151  000021                     _rightstep:
   152                           	opt stack 0
   153  000021                     	ds	2
   154  000023                     _rightturnstep:
   155                           	opt stack 0
   156  000023                     	ds	2
   157  000025                     _rstepcount:
   158                           	opt stack 0
   159  000025                     	ds	2
   160  000027                     _uturn:
   161                           	opt stack 0
   162  000027                     	ds	2
   163                           postinc0	equ	0xFEE
   164                           wreg	equ	0xFE8
   165                           
   166                           	psect	cstackCOMRAM
   167  000029                     __pcstackCOMRAM:
   168                           	opt stack 0
   169  000029                     ??_low_isr:
   170  000029                     
   171                           ; 0 bytes @ 0x0
   172  000029                     	ds	17
   173  00003A                     ??_high_isr:
   174                           
   175                           ; 0 bytes @ 0x11
   176  00003A                     	ds	14
   177  000048                     postinc0	equ	0xFEE
   178                           wreg	equ	0xFE8
   179                           
   180                           ; 0 bytes @ 0x1F
   181 ;;
   182 ;;Main: autosize = 0, tempsize = 0, incstack = 0, save=0
   183 ;;
   184 ;; *************** function _main *****************
   185 ;; Defined at:
   186 ;;		line 90 in file "main.c"
   187 ;; Parameters:    Size  Location     Type
   188 ;;		None
   189 ;; Auto vars:     Size  Location     Type
   190 ;;		None
   191 ;; Return value:  Size  Location     Type
   192 ;;		None               void
   193 ;; Registers used:
   194 ;;		wreg, status,2, cstack
   195 ;; Tracked objects:
   196 ;;		On entry : 0/0
   197 ;;		On exit  : 0/0
   198 ;;		Unchanged: 0/0
   199 ;; Data sizes:     COMRAM   BANK0   BANK1   BANK2   BANK3   BANK4   BANK5   BANK6   BANK7   BANK8   BANK9  BANK10  BANK1
      +1  BANK12  BANK13  BANK14  BANK15
   200 ;;      Params:         0       0       0       0       0       0       0       0       0       0       0       0       
      +0       0       0       0       0
   201 ;;      Locals:         0       0       0       0       0       0       0       0       0       0       0       0       
      +0       0       0       0       0
   202 ;;      Temps:          0       0       0       0       0       0       0       0       0       0       0       0       
      +0       0       0       0       0
   203 ;;      Totals:         0       0       0       0       0       0       0       0       0       0       0       0       
      +0       0       0       0       0
   204 ;;Total ram usage:        0 bytes
   205 ;; Hardware stack levels required when called:    3
   206 ;; This function calls:
   207 ;;		_ConfigureOscillator
   208 ;; This function is called by:
   209 ;;		Startup code after reset
   210 ;; This function uses a non-reentrant model
   211 ;;
   212                           
   213                           	psect	text0
   214  0002BC                     __ptext0:
   215                           	opt stack 0
   216  0002BC                     _main:
   217                           	opt stack 28
   218                           
   219                           ;main.c: 93: OSCCON = 0b01111100;
   220                           
   221                           ;incstack = 0
   222  0002BC  0E7C               	movlw	124
   223  0002BE  6ED3               	movwf	4051,c	;volatile
   224                           
   225                           ;main.c: 95: OSCTUNE = 0b01001111;
   226  0002C0  0E4F               	movlw	79
   227  0002C2  6E9B               	movwf	3995,c	;volatile
   228                           
   229                           ;main.c: 97: ConfigureOscillator();
   230  0002C4  ECCF  F001         	call	_ConfigureOscillator	;wreg free
   231                           
   232                           ;main.c: 103: TRISA = 0b00000111;
   233  0002C8  0E07               	movlw	7
   234  0002CA  6E92               	movwf	3986,c	;volatile
   235                           
   236                           ;main.c: 104: TRISC = 0b00000000;
   237  0002CC  0E00               	movlw	0
   238  0002CE  6E94               	movwf	3988,c	;volatile
   239                           
   240                           ;main.c: 105: TRISB = 0b00000000;
   241  0002D0  0E00               	movlw	0
   242  0002D2  6E93               	movwf	3987,c	;volatile
   243                           
   244                           ;main.c: 106: TRISD = 0b00000000;
   245  0002D4  0E00               	movlw	0
   246  0002D6  6E95               	movwf	3989,c	;volatile
   247                           
   248                           ;main.c: 111: LATC = 0b00000000;
   249  0002D8  0E00               	movlw	0
   250  0002DA  6E8B               	movwf	3979,c	;volatile
   251                           
   252                           ;main.c: 112: LATD = 0b10000000;
   253  0002DC  0E80               	movlw	128
   254  0002DE  6E8C               	movwf	3980,c	;volatile
   255                           
   256                           ;main.c: 114: ADCON0bits.CHS = 0b0000;
   257  0002E0  94C2               	bcf	4034,2,c	;volatile
   258  0002E2  96C2               	bcf	4034,3,c	;volatile
   259  0002E4  98C2               	bcf	4034,4,c	;volatile
   260  0002E6  9AC2               	bcf	4034,5,c	;volatile
   261                           
   262                           ;main.c: 115: ADCON0bits.GO = 0;
   263  0002E8  92C2               	bcf	4034,1,c	;volatile
   264                           
   265                           ;main.c: 116: ADCON1bits.VCFG = 0b00;
   266  0002EA  0ECF               	movlw	-49
   267  0002EC  16C1               	andwf	4033,f,c	;volatile
   268                           
   269                           ;main.c: 117: ADCON1bits.PCFG = 0b1100;
   270  0002EE  50C1               	movf	4033,w,c	;volatile
   271  0002F0  0BF0               	andlw	-16
   272  0002F2  090C               	iorlw	12
   273  0002F4  6EC1               	movwf	4033,c	;volatile
   274                           
   275                           ;main.c: 118: ADCON2bits.ADFM = 1;
   276  0002F6  8EC0               	bsf	4032,7,c	;volatile
   277                           
   278                           ;main.c: 119: ADCON2bits.ACQT = 0b010;
   279  0002F8  50C0               	movf	4032,w,c	;volatile
   280  0002FA  0BC7               	andlw	-57
   281  0002FC  0910               	iorlw	16
   282  0002FE  6EC0               	movwf	4032,c	;volatile
   283                           
   284                           ;main.c: 120: ADCON2bits.ADCS = 0b010;
   285  000300  50C0               	movf	4032,w,c	;volatile
   286  000302  0BF8               	andlw	-8
   287  000304  0902               	iorlw	2
   288  000306  6EC0               	movwf	4032,c	;volatile
   289                           
   290                           ;main.c: 121: ADCON0bits.ADON = 1;
   291  000308  80C2               	bsf	4034,0,c	;volatile
   292                           
   293                           ;main.c: 124: RCONbits.IPEN = 1;
   294  00030A  8ED0               	bsf	4048,7,c	;volatile
   295                           
   296                           ;main.c: 125: INTCONbits.GIE = 1;
   297  00030C  8EF2               	bsf	intcon,7,c	;volatile
   298                           
   299                           ;main.c: 126: INTCONbits.PEIE = 1;
   300  00030E  8CF2               	bsf	intcon,6,c	;volatile
   301                           
   302                           ;main.c: 127: INTCONbits.INT0IE = 0;
   303  000310  98F2               	bcf	intcon,4,c	;volatile
   304                           
   305                           ;main.c: 128: INTCONbits.RBIE = 0;
   306  000312  96F2               	bcf	intcon,3,c	;volatile
   307                           
   308                           ;main.c: 132: T3CONbits.TMR3ON = 0;
   309  000314  90B1               	bcf	4017,0,c	;volatile
   310                           
   311                           ;main.c: 133: T3CONbits.RD16 = 1;
   312  000316  8EB1               	bsf	4017,7,c	;volatile
   313                           
   314                           ;main.c: 134: T3CONbits.T3CKPS1 = 0;
   315  000318  9AB1               	bcf	4017,5,c	;volatile
   316                           
   317                           ;main.c: 135: T3CONbits.T3CKPS0 = 0;
   318  00031A  98B1               	bcf	4017,4,c	;volatile
   319                           
   320                           ;main.c: 136: T3CONbits.TMR3CS = 0;
   321  00031C  92B1               	bcf	4017,1,c	;volatile
   322                           
   323                           ;main.c: 137: PIR2bits.TMR3IF = 0;
   324  00031E  92A1               	bcf	4001,1,c	;volatile
   325                           
   326                           ;main.c: 138: PIE2bits.TMR3IE = 1;
   327  000320  82A0               	bsf	4000,1,c	;volatile
   328                           
   329                           ;main.c: 141: T1CONbits.TMR1ON = 0;
   330  000322  90CD               	bcf	4045,0,c	;volatile
   331                           
   332                           ;main.c: 142: T1CONbits.RD16 = 1;
   333  000324  8ECD               	bsf	4045,7,c	;volatile
   334                           
   335                           ;main.c: 143: T1CONbits.T1CKPS1 = 0;
   336  000326  9ACD               	bcf	4045,5,c	;volatile
   337                           
   338                           ;main.c: 144: T1CONbits.T1CKPS0 = 0;
   339  000328  98CD               	bcf	4045,4,c	;volatile
   340                           
   341                           ;main.c: 145: T1CONbits.TMR1CS = 0;
   342  00032A  92CD               	bcf	4045,1,c	;volatile
   343                           
   344                           ;main.c: 146: PIR1bits.TMR1IF = 0;
   345  00032C  909E               	bcf	3998,0,c	;volatile
   346                           
   347                           ;main.c: 147: PIE1bits.TMR1IE = 1;
   348  00032E  809D               	bsf	3997,0,c	;volatile
   349                           
   350                           ;main.c: 149: lstep = 1;
   351  000330  0E00               	movlw	0
   352  000332  6E4B               	movwf	_lstep+1,c
   353  000334  0E01               	movlw	1
   354  000336  6E4A               	movwf	_lstep,c
   355                           
   356                           ;main.c: 150: rstep = 1;
   357  000338  0E00               	movlw	0
   358  00033A  6E4F               	movwf	_rstep+1,c
   359  00033C  0E01               	movlw	1
   360  00033E  6E4E               	movwf	_rstep,c
   361                           
   362                           ;main.c: 151: lturnstep = 1;
   363  000340  0E00               	movlw	0
   364  000342  6E4D               	movwf	_lturnstep+1,c
   365  000344  0E01               	movlw	1
   366  000346  6E4C               	movwf	_lturnstep,c
   367                           
   368                           ;main.c: 152: ustep = 1;
   369  000348  0E00               	movlw	0
   370  00034A  6E51               	movwf	_ustep+1,c
   371  00034C  0E01               	movlw	1
   372  00034E  6E50               	movwf	_ustep,c
   373                           
   374                           ;main.c: 153: forward = 1;
   375  000350  0E00               	movlw	0
   376  000352  6E49               	movwf	_forward+1,c
   377  000354  0E01               	movlw	1
   378  000356  6E48               	movwf	_forward,c
   379                           
   380                           ;main.c: 154: lturn = 0;
   381  000358  0E00               	movlw	0
   382  00035A  6E14               	movwf	_lturn+1,c
   383  00035C  0E00               	movlw	0
   384  00035E  6E13               	movwf	_lturn,c
   385                           
   386                           ;main.c: 155: rstepcount = 0;
   387  000360  0E00               	movlw	0
   388  000362  6E26               	movwf	_rstepcount+1,c
   389  000364  0E00               	movlw	0
   390  000366  6E25               	movwf	_rstepcount,c
   391                           
   392                           ;main.c: 156: lstepcount = 0;
   393  000368  0E00               	movlw	0
   394  00036A  6E12               	movwf	_lstepcount+1,c
   395  00036C  0E00               	movlw	0
   396  00036E  6E11               	movwf	_lstepcount,c
   397                           
   398                           ;main.c: 157: lturncount = 0;
   399  000370  0E00               	movlw	0
   400  000372  6E16               	movwf	_lturncount+1,c
   401  000374  0E00               	movlw	0
   402  000376  6E15               	movwf	_lturncount,c
   403                           
   404                           ;main.c: 159: T1CONbits.TMR1ON = 1;
   405  000378  80CD               	bsf	4045,0,c	;volatile
   406                           
   407                           ;main.c: 160: T3CONbits.TMR3ON = 1;
   408  00037A  80B1               	bsf	4017,0,c	;volatile
   409                           
   410                           ;main.c: 162: lmotorstephigh = 0b00111111;
   411  00037C  0E3F               	movlw	63
   412  00037E  6E52               	movwf	_lmotorstephigh,c
   413                           
   414                           ;main.c: 163: lmotorsteplow = 0b11110000;
   415  000380  0EF0               	movlw	240
   416  000382  6E53               	movwf	_lmotorsteplow,c
   417                           
   418                           ;main.c: 165: rmotorstephigh = 0b00111111;
   419  000384  0E3F               	movlw	63
   420  000386  6E54               	movwf	_rmotorstephigh,c
   421                           
   422                           ;main.c: 166: rmotorsteplow = 0b11111111;
   423  000388  6855               	setf	_rmotorsteplow,c
   424  00038A                     l223:
   425                           
   426                           ;main.c: 170: {
   427  00038A  D7FF               	goto	l223
   428  00038C                     __end_of_main:
   429                           	opt stack 0
   430                           intcon	equ	0xFF2
   431                           postinc0	equ	0xFEE
   432                           wreg	equ	0xFE8
   433                           
   434 ;; *************** function _ConfigureOscillator *****************
   435 ;; Defined at:
   436 ;;		line 24 in file "system.c"
   437 ;; Parameters:    Size  Location     Type
   438 ;;		None
   439 ;; Auto vars:     Size  Location     Type
   440 ;;		None
   441 ;; Return value:  Size  Location     Type
   442 ;;		None               void
   443 ;; Registers used:
   444 ;;		None
   445 ;; Tracked objects:
   446 ;;		On entry : 0/0
   447 ;;		On exit  : 0/0
   448 ;;		Unchanged: 0/0
   449 ;; Data sizes:     COMRAM   BANK0   BANK1   BANK2   BANK3   BANK4   BANK5   BANK6   BANK7   BANK8   BANK9  BANK10  BANK1
      +1  BANK12  BANK13  BANK14  BANK15
   450 ;;      Params:         0       0       0       0       0       0       0       0       0       0       0       0       
      +0       0       0       0       0
   451 ;;      Locals:         0       0       0       0       0       0       0       0       0       0       0       0       
      +0       0       0       0       0
   452 ;;      Temps:          0       0       0       0       0       0       0       0       0       0       0       0       
      +0       0       0       0       0
   453 ;;      Totals:         0       0       0       0       0       0       0       0       0       0       0       0       
      +0       0       0       0       0
   454 ;;Total ram usage:        0 bytes
   455 ;; Hardware stack levels used:    1
   456 ;; Hardware stack levels required when called:    2
   457 ;; This function calls:
   458 ;;		Nothing
   459 ;; This function is called by:
   460 ;;		_main
   461 ;; This function uses a non-reentrant model
   462 ;;
   463                           
   464                           	psect	text1
   465  00039E                     __ptext1:
   466                           	opt stack 0
   467  00039E                     _ConfigureOscillator:
   468                           	opt stack 28
   469                           
   470                           ;incstack = 0
   471  00039E  0012               	return	
   472  0003A0                     __end_of_ConfigureOscillator:
   473                           	opt stack 0
   474                           intcon	equ	0xFF2
   475                           postinc0	equ	0xFEE
   476                           wreg	equ	0xFE8
   477                           
   478 ;; *************** function _low_isr *****************
   479 ;; Defined at:
   480 ;;		line 211 in file "interrupts.c"
   481 ;; Parameters:    Size  Location     Type
   482 ;;		None
   483 ;; Auto vars:     Size  Location     Type
   484 ;;		None
   485 ;; Return value:  Size  Location     Type
   486 ;;		None               void
   487 ;; Registers used:
   488 ;;		None
   489 ;; Tracked objects:
   490 ;;		On entry : 0/0
   491 ;;		On exit  : 0/0
   492 ;;		Unchanged: 0/0
   493 ;; Data sizes:     COMRAM   BANK0   BANK1   BANK2   BANK3   BANK4   BANK5   BANK6   BANK7   BANK8   BANK9  BANK10  BANK1
      +1  BANK12  BANK13  BANK14  BANK15
   494 ;;      Params:         0       0       0       0       0       0       0       0       0       0       0       0       
      +0       0       0       0       0
   495 ;;      Locals:         0       0       0       0       0       0       0       0       0       0       0       0       
      +0       0       0       0       0
   496 ;;      Temps:         17       0       0       0       0       0       0       0       0       0       0       0       
      +0       0       0       0       0
   497 ;;      Totals:        17       0       0       0       0       0       0       0       0       0       0       0       
      +0       0       0       0       0
   498 ;;Total ram usage:       17 bytes
   499 ;; Hardware stack levels used:    1
   500 ;; Hardware stack levels required when called:    1
   501 ;; This function calls:
   502 ;;		Nothing
   503 ;; This function is called by:
   504 ;;		Interrupt level 1
   505 ;; This function uses a non-reentrant model
   506 ;;
   507                           
   508                           	psect	intcodelo
   509  000018                     __pintcodelo:
   510                           	opt stack 0
   511  000018                     _low_isr:
   512                           	opt stack 28
   513                           
   514                           ;incstack = 0
   515  000018  CFD8 F029          	movff	status,??_low_isr
   516  00001C  CFE8 F02A          	movff	wreg,??_low_isr+1
   517  000020  CFE0 F02B          	movff	bsr,??_low_isr+2
   518  000024  CFFA F02C          	movff	pclath,??_low_isr+3
   519  000028  CFFB F02D          	movff	pclatu,??_low_isr+4
   520  00002C  CFE9 F02E          	movff	fsr0l,??_low_isr+5
   521  000030  CFEA F02F          	movff	fsr0h,??_low_isr+6
   522  000034  CFE1 F030          	movff	fsr1l,??_low_isr+7
   523  000038  CFE2 F031          	movff	fsr1h,??_low_isr+8
   524  00003C  CFD9 F032          	movff	fsr2l,??_low_isr+9
   525  000040  CFDA F033          	movff	fsr2h,??_low_isr+10
   526  000044  CFF3 F034          	movff	prodl,??_low_isr+11
   527  000048  CFF4 F035          	movff	prodh,??_low_isr+12
   528  00004C  CFF6 F036          	movff	tblptrl,??_low_isr+13
   529  000050  CFF7 F037          	movff	tblptrh,??_low_isr+14
   530  000054  CFF8 F038          	movff	tblptru,??_low_isr+15
   531  000058  CFF5 F039          	movff	tablat,??_low_isr+16
   532  00005C  C039  FFF5         	movff	??_low_isr+16,tablat
   533  000060  C038  FFF8         	movff	??_low_isr+15,tblptru
   534  000064  C037  FFF7         	movff	??_low_isr+14,tblptrh
   535  000068  C036  FFF6         	movff	??_low_isr+13,tblptrl
   536  00006C  C035  FFF4         	movff	??_low_isr+12,prodh
   537  000070  C034  FFF3         	movff	??_low_isr+11,prodl
   538  000074  C033  FFDA         	movff	??_low_isr+10,fsr2h
   539  000078  C032  FFD9         	movff	??_low_isr+9,fsr2l
   540  00007C  C031  FFE2         	movff	??_low_isr+8,fsr1h
   541  000080  C030  FFE1         	movff	??_low_isr+7,fsr1l
   542  000084  C02F  FFEA         	movff	??_low_isr+6,fsr0h
   543  000088  C02E  FFE9         	movff	??_low_isr+5,fsr0l
   544  00008C  C02D  FFFB         	movff	??_low_isr+4,pclatu
   545  000090  C02C  FFFA         	movff	??_low_isr+3,pclath
   546  000094  C02B  FFE0         	movff	??_low_isr+2,bsr
   547  000098  C02A  FFE8         	movff	??_low_isr+1,wreg
   548  00009C  C029  FFD8         	movff	??_low_isr,status
   549  0000A0  0010               	retfie	
   550  0000A2                     __end_of_low_isr:
   551                           	opt stack 0
   552                           pclatu	equ	0xFFB
   553                           pclath	equ	0xFFA
   554                           tblptru	equ	0xFF8
   555                           tblptrh	equ	0xFF7
   556                           tblptrl	equ	0xFF6
   557                           tablat	equ	0xFF5
   558                           prodh	equ	0xFF4
   559                           prodl	equ	0xFF3
   560                           intcon	equ	0xFF2
   561                           postinc0	equ	0xFEE
   562                           fsr0h	equ	0xFEA
   563                           fsr0l	equ	0xFE9
   564                           wreg	equ	0xFE8
   565                           fsr1h	equ	0xFE2
   566                           fsr1l	equ	0xFE1
   567                           bsr	equ	0xFE0
   568                           fsr2h	equ	0xFDA
   569                           fsr2l	equ	0xFD9
   570                           status	equ	0xFD8
   571                           
   572 ;; *************** function _high_isr *****************
   573 ;; Defined at:
   574 ;;		line 65 in file "interrupts.c"
   575 ;; Parameters:    Size  Location     Type
   576 ;;		None
   577 ;; Auto vars:     Size  Location     Type
   578 ;;		None
   579 ;; Return value:  Size  Location     Type
   580 ;;		None               void
   581 ;; Registers used:
   582 ;;		wreg, status,2, status,0, prodl
   583 ;; Tracked objects:
   584 ;;		On entry : 0/0
   585 ;;		On exit  : 0/0
   586 ;;		Unchanged: 0/0
   587 ;; Data sizes:     COMRAM   BANK0   BANK1   BANK2   BANK3   BANK4   BANK5   BANK6   BANK7   BANK8   BANK9  BANK10  BANK1
      +1  BANK12  BANK13  BANK14  BANK15
   588 ;;      Params:         0       0       0       0       0       0       0       0       0       0       0       0       
      +0       0       0       0       0
   589 ;;      Locals:         0       0       0       0       0       0       0       0       0       0       0       0       
      +0       0       0       0       0
   590 ;;      Temps:         14       0       0       0       0       0       0       0       0       0       0       0       
      +0       0       0       0       0
   591 ;;      Totals:        14       0       0       0       0       0       0       0       0       0       0       0       
      +0       0       0       0       0
   592 ;;Total ram usage:       14 bytes
   593 ;; Hardware stack levels used:    1
   594 ;; This function calls:
   595 ;;		Nothing
   596 ;; This function is called by:
   597 ;;		Interrupt level 2
   598 ;; This function uses a non-reentrant model
   599 ;;
   600                           
   601                           	psect	intcode
   602  000008                     __pintcode:
   603                           	opt stack 0
   604  000008                     _high_isr:
   605                           	opt stack 28
   606                           
   607                           ;incstack = 0
   608  000008  CFFA F03A          	movff	pclath,??_high_isr
   609  00000C  CFFB F03B          	movff	pclatu,??_high_isr+1
   610  000010  CFE9 F03C          	movff	fsr0l,??_high_isr+2
   611  000014  ED53  F000         	call	int_func,f	;refresh shadow registers
   612                           pclatu	equ	0xFFB
   613                           pclath	equ	0xFFA
   614                           tblptru	equ	0xFF8
   615                           tblptrh	equ	0xFF7
   616                           tblptrl	equ	0xFF6
   617                           tablat	equ	0xFF5
   618                           prodh	equ	0xFF4
   619                           prodl	equ	0xFF3
   620                           intcon	equ	0xFF2
   621                           postinc0	equ	0xFEE
   622                           fsr0h	equ	0xFEA
   623                           fsr0l	equ	0xFE9
   624                           wreg	equ	0xFE8
   625                           fsr1h	equ	0xFE2
   626                           fsr1l	equ	0xFE1
   627                           bsr	equ	0xFE0
   628                           fsr2h	equ	0xFDA
   629                           fsr2l	equ	0xFD9
   630                           status	equ	0xFD8
   631                           
   632                           	psect	intcode_body
   633  0000A6                     __pintcode_body:
   634                           	opt stack 28
   635  0000A6                     int_func:
   636                           	opt stack 28
   637  0000A6  0006               	pop		; remove dummy address from shadow register refresh
   638  0000A8  CFEA F03D          	movff	fsr0h,??_high_isr+3
   639  0000AC  CFE1 F03E          	movff	fsr1l,??_high_isr+4
   640  0000B0  CFE2 F03F          	movff	fsr1h,??_high_isr+5
   641  0000B4  CFD9 F040          	movff	fsr2l,??_high_isr+6
   642  0000B8  CFDA F041          	movff	fsr2h,??_high_isr+7
   643  0000BC  CFF3 F042          	movff	prodl,??_high_isr+8
   644  0000C0  CFF4 F043          	movff	prodh,??_high_isr+9
   645  0000C4  CFF6 F044          	movff	tblptrl,??_high_isr+10
   646  0000C8  CFF7 F045          	movff	tblptrh,??_high_isr+11
   647  0000CC  CFF8 F046          	movff	tblptru,??_high_isr+12
   648  0000D0  CFF5 F047          	movff	tablat,??_high_isr+13
   649                           
   650                           ;interrupts.c: 68: if (PIR2bits.TMR3IF && forward && lstepcount < 1000)
   651  0000D4  A2A1               	btfss	4001,1,c	;volatile
   652  0000D6  D042               	goto	i2l858
   653  0000D8  5049               	movf	_forward+1,w,c
   654  0000DA  1048               	iorwf	_forward,w,c
   655  0000DC  B4D8               	btfsc	status,2,c
   656  0000DE  D03E               	goto	i2l858
   657  0000E0  5012               	movf	_lstepcount+1,w,c
   658  0000E2  0A80               	xorlw	128
   659  0000E4  6EF3               	movwf	prodl,c
   660  0000E6  0E83               	movlw	131
   661  0000E8  5CF3               	subwf	prodl,w,c
   662  0000EA  0EE8               	movlw	232
   663  0000EC  B4D8               	btfsc	status,2,c
   664  0000EE  5C11               	subwf	_lstepcount,w,c
   665  0000F0  B0D8               	btfsc	status,0,c
   666  0000F2  D034               	goto	i2l858
   667                           
   668                           ;interrupts.c: 69: {
   669                           ;interrupts.c: 72: if (lstep == 1)
   670  0000F4  044A               	decf	_lstep,w,c
   671  0000F6  104B               	iorwf	_lstep+1,w,c
   672  0000F8  A4D8               	btfss	status,2,c
   673  0000FA  D005               	goto	i2l830
   674                           
   675                           ;interrupts.c: 73: { LATCbits.LATC3 = 0;
   676  0000FC  968B               	bcf	3979,3,c	;volatile
   677                           
   678                           ;interrupts.c: 74: LATCbits.LATC1 = 1;
   679  0000FE  828B               	bsf	3979,1,c	;volatile
   680                           
   681                           ;interrupts.c: 75: LATCbits.LATC0 = 0;
   682  000100  908B               	bcf	3979,0,c	;volatile
   683                           
   684                           ;interrupts.c: 76: LATCbits.LATC2 = 0;
   685  000102  948B               	bcf	3979,2,c	;volatile
   686  000104  D013               	goto	L2
   687  000106                     i2l830:
   688                           
   689                           ;interrupts.c: 79: else if (lstep == 2)
   690  000106  504A               	movf	_lstep,w,c
   691  000108  0A02               	xorlw	2
   692  00010A  104B               	iorwf	_lstep+1,w,c
   693  00010C  A4D8               	btfss	status,2,c
   694  00010E  D005               	goto	i2l836
   695                           
   696                           ;interrupts.c: 80: { LATCbits.LATC3 = 0;
   697  000110  968B               	bcf	3979,3,c	;volatile
   698                           
   699                           ;interrupts.c: 81: LATCbits.LATC2 = 1;
   700  000112  848B               	bsf	3979,2,c	;volatile
   701                           
   702                           ;interrupts.c: 82: LATCbits.LATC0 = 0;
   703  000114  908B               	bcf	3979,0,c	;volatile
   704                           
   705                           ;interrupts.c: 83: LATCbits.LATC1 = 0;
   706  000116  928B               	bcf	3979,1,c	;volatile
   707  000118  D009               	goto	L2
   708  00011A                     i2l836:
   709                           
   710                           ;interrupts.c: 86: else if (lstep == 3)
   711  00011A  504A               	movf	_lstep,w,c
   712  00011C  0A03               	xorlw	3
   713  00011E  104B               	iorwf	_lstep+1,w,c
   714  000120  A4D8               	btfss	status,2,c
   715  000122  D007               	goto	i2l842
   716                           
   717                           ;interrupts.c: 87: { LATCbits.LATC3 = 1;
   718  000124  868B               	bsf	3979,3,c	;volatile
   719                           
   720                           ;interrupts.c: 88: LATCbits.LATC2 = 0;
   721  000126  948B               	bcf	3979,2,c	;volatile
   722                           
   723                           ;interrupts.c: 89: LATCbits.LATC1 = 0;
   724  000128  928B               	bcf	3979,1,c	;volatile
   725                           
   726                           ;interrupts.c: 90: LATCbits.LATC0 = 0;
   727  00012A  908B               	bcf	3979,0,c	;volatile
   728  00012C                     L2:
   729                           
   730                           ;interrupts.c: 91: lstep++;
   731  00012C  4A4A               	infsnz	_lstep,f,c
   732  00012E  2A4B               	incf	_lstep+1,f,c
   733                           
   734                           ;interrupts.c: 92: }
   735  000130  D00F               	goto	i2l850
   736  000132                     i2l842:
   737                           
   738                           ;interrupts.c: 93: else if (lstep == 4)
   739  000132  504A               	movf	_lstep,w,c
   740  000134  0A04               	xorlw	4
   741  000136  104B               	iorwf	_lstep+1,w,c
   742  000138  A4D8               	btfss	status,2,c
   743  00013A  D00A               	goto	i2l850
   744                           
   745                           ;interrupts.c: 94: { LATCbits.LATC2 = 0;
   746  00013C  948B               	bcf	3979,2,c	;volatile
   747                           
   748                           ;interrupts.c: 95: LATCbits.LATC1 = 0;
   749  00013E  928B               	bcf	3979,1,c	;volatile
   750                           
   751                           ;interrupts.c: 96: LATCbits.LATC0 = 1;
   752  000140  808B               	bsf	3979,0,c	;volatile
   753                           
   754                           ;interrupts.c: 97: LATCbits.LATC3 = 0;
   755  000142  968B               	bcf	3979,3,c	;volatile
   756                           
   757                           ;interrupts.c: 98: lstep = 1;
   758  000144  0E00               	movlw	0
   759  000146  6E4B               	movwf	_lstep+1,c
   760  000148  0E01               	movlw	1
   761  00014A  6E4A               	movwf	_lstep,c
   762                           
   763                           ;interrupts.c: 99: lstepcount++;
   764  00014C  4A11               	infsnz	_lstepcount,f,c
   765  00014E  2A12               	incf	_lstepcount+1,f,c
   766  000150                     i2l850:
   767                           
   768                           ;interrupts.c: 100: }
   769                           ;interrupts.c: 103: PIR2bits.TMR3IF = 0;
   770  000150  92A1               	bcf	4001,1,c	;volatile
   771                           
   772                           ;interrupts.c: 104: T3CONbits.TMR3ON = 1;
   773  000152  80B1               	bsf	4017,0,c	;volatile
   774                           
   775                           ;interrupts.c: 106: TMR3H = lmotorstephigh;
   776  000154  C052  FFB3         	movff	_lmotorstephigh,4019	;volatile
   777                           
   778                           ;interrupts.c: 107: TMR3L = lmotorsteplow;
   779  000158  C053  FFB2         	movff	_lmotorsteplow,4018	;volatile
   780  00015C                     i2l858:
   781                           
   782                           ;interrupts.c: 108: }
   783                           ;interrupts.c: 111: if (PIR1bits.TMR1IF && forward && rstepcount < 1000)
   784  00015C  A09E               	btfss	3998,0,c	;volatile
   785  00015E  D042               	goto	i2l898
   786  000160  5049               	movf	_forward+1,w,c
   787  000162  1048               	iorwf	_forward,w,c
   788  000164  B4D8               	btfsc	status,2,c
   789  000166  D03E               	goto	i2l898
   790  000168  5026               	movf	_rstepcount+1,w,c
   791  00016A  0A80               	xorlw	128
   792  00016C  6EF3               	movwf	prodl,c
   793  00016E  0E83               	movlw	131
   794  000170  5CF3               	subwf	prodl,w,c
   795  000172  0EE8               	movlw	232
   796  000174  B4D8               	btfsc	status,2,c
   797  000176  5C25               	subwf	_rstepcount,w,c
   798  000178  B0D8               	btfsc	status,0,c
   799  00017A  D034               	goto	i2l898
   800                           
   801                           ;interrupts.c: 112: {
   802                           ;interrupts.c: 116: if (rstep == 1)
   803  00017C  044E               	decf	_rstep,w,c
   804  00017E  104F               	iorwf	_rstep+1,w,c
   805  000180  A4D8               	btfss	status,2,c
   806  000182  D005               	goto	i2l870
   807                           
   808                           ;interrupts.c: 117: { LATCbits.LATC6 = 0;
   809  000184  9C8B               	bcf	3979,6,c	;volatile
   810                           
   811                           ;interrupts.c: 118: LATCbits.LATC7 = 0;
   812  000186  9E8B               	bcf	3979,7,c	;volatile
   813                           
   814                           ;interrupts.c: 119: LATCbits.LATC4 = 1;
   815  000188  888B               	bsf	3979,4,c	;volatile
   816                           
   817                           ;interrupts.c: 120: LATCbits.LATC5 = 0;
   818  00018A  9A8B               	bcf	3979,5,c	;volatile
   819  00018C  D013               	goto	L4
   820  00018E                     i2l870:
   821                           
   822                           ;interrupts.c: 123: else if (rstep == 2)
   823  00018E  504E               	movf	_rstep,w,c
   824  000190  0A02               	xorlw	2
   825  000192  104F               	iorwf	_rstep+1,w,c
   826  000194  A4D8               	btfss	status,2,c
   827  000196  D005               	goto	i2l876
   828                           
   829                           ;interrupts.c: 124: { LATCbits.LATC4 = 0;
   830  000198  988B               	bcf	3979,4,c	;volatile
   831                           
   832                           ;interrupts.c: 125: LATCbits.LATC5 = 0;
   833  00019A  9A8B               	bcf	3979,5,c	;volatile
   834                           
   835                           ;interrupts.c: 126: LATCbits.LATC7 = 1;
   836  00019C  8E8B               	bsf	3979,7,c	;volatile
   837                           
   838                           ;interrupts.c: 127: LATCbits.LATC6 = 0;
   839  00019E  9C8B               	bcf	3979,6,c	;volatile
   840  0001A0  D009               	goto	L4
   841  0001A2                     i2l876:
   842                           
   843                           ;interrupts.c: 130: else if (rstep == 3)
   844  0001A2  504E               	movf	_rstep,w,c
   845  0001A4  0A03               	xorlw	3
   846  0001A6  104F               	iorwf	_rstep+1,w,c
   847  0001A8  A4D8               	btfss	status,2,c
   848  0001AA  D007               	goto	i2l882
   849                           
   850                           ;interrupts.c: 131: { LATCbits.LATC4 = 0;
   851  0001AC  988B               	bcf	3979,4,c	;volatile
   852                           
   853                           ;interrupts.c: 132: LATCbits.LATC5 = 0;
   854  0001AE  9A8B               	bcf	3979,5,c	;volatile
   855                           
   856                           ;interrupts.c: 133: LATCbits.LATC6 = 1;
   857  0001B0  8C8B               	bsf	3979,6,c	;volatile
   858                           
   859                           ;interrupts.c: 134: LATCbits.LATC7 = 0;
   860  0001B2  9E8B               	bcf	3979,7,c	;volatile
   861  0001B4                     L4:
   862                           
   863                           ;interrupts.c: 135: rstep++;
   864  0001B4  4A4E               	infsnz	_rstep,f,c
   865  0001B6  2A4F               	incf	_rstep+1,f,c
   866                           
   867                           ;interrupts.c: 136: }
   868  0001B8  D00F               	goto	i2l890
   869  0001BA                     i2l882:
   870                           
   871                           ;interrupts.c: 137: else if (rstep == 4)
   872  0001BA  504E               	movf	_rstep,w,c
   873  0001BC  0A04               	xorlw	4
   874  0001BE  104F               	iorwf	_rstep+1,w,c
   875  0001C0  A4D8               	btfss	status,2,c
   876  0001C2  D00A               	goto	i2l890
   877                           
   878                           ;interrupts.c: 138: { LATCbits.LATC5 = 1;
   879  0001C4  8A8B               	bsf	3979,5,c	;volatile
   880                           
   881                           ;interrupts.c: 139: LATCbits.LATC6 = 0;
   882  0001C6  9C8B               	bcf	3979,6,c	;volatile
   883                           
   884                           ;interrupts.c: 140: LATCbits.LATC7 = 0;
   885  0001C8  9E8B               	bcf	3979,7,c	;volatile
   886                           
   887                           ;interrupts.c: 141: LATCbits.LATC4 = 0;
   888  0001CA  988B               	bcf	3979,4,c	;volatile
   889                           
   890                           ;interrupts.c: 142: rstep = 1;
   891  0001CC  0E00               	movlw	0
   892  0001CE  6E4F               	movwf	_rstep+1,c
   893  0001D0  0E01               	movlw	1
   894  0001D2  6E4E               	movwf	_rstep,c
   895                           
   896                           ;interrupts.c: 143: rstepcount++;
   897  0001D4  4A25               	infsnz	_rstepcount,f,c
   898  0001D6  2A26               	incf	_rstepcount+1,f,c
   899  0001D8                     i2l890:
   900                           
   901                           ;interrupts.c: 144: }
   902                           ;interrupts.c: 146: PIR1bits.TMR1IF = 0;
   903  0001D8  909E               	bcf	3998,0,c	;volatile
   904                           
   905                           ;interrupts.c: 147: T1CONbits.TMR1ON = 1;
   906  0001DA  80CD               	bsf	4045,0,c	;volatile
   907                           
   908                           ;interrupts.c: 149: TMR1H = rmotorstephigh;
   909  0001DC  C054  FFCF         	movff	_rmotorstephigh,4047	;volatile
   910                           
   911                           ;interrupts.c: 150: TMR1L = rmotorsteplow;
   912  0001E0  C055  FFCE         	movff	_rmotorsteplow,4046	;volatile
   913  0001E4                     i2l898:
   914                           
   915                           ;interrupts.c: 151: }
   916                           ;interrupts.c: 154: if (PIR2bits.TMR3IF && lturn && lturncount < uturn)
   917  0001E4  A2A1               	btfss	4001,1,c	;volatile
   918  0001E6  D04D               	goto	i2l95
   919  0001E8  5014               	movf	_lturn+1,w,c
   920  0001EA  1013               	iorwf	_lturn,w,c
   921  0001EC  B4D8               	btfsc	status,2,c
   922  0001EE  D049               	goto	i2l95
   923  0001F0  5027               	movf	_uturn,w,c
   924  0001F2  5C15               	subwf	_lturncount,w,c
   925  0001F4  5028               	movf	_uturn+1,w,c
   926  0001F6  5816               	subwfb	_lturncount+1,w,c
   927  0001F8  B0D8               	btfsc	status,0,c
   928  0001FA  D043               	goto	i2l95
   929                           
   930                           ;interrupts.c: 155: {
   931                           ;interrupts.c: 156: if (lturnstep == 1)
   932  0001FC  044C               	decf	_lturnstep,w,c
   933  0001FE  104D               	iorwf	_lturnstep+1,w,c
   934  000200  A4D8               	btfss	status,2,c
   935  000202  D008               	goto	i2l910
   936                           
   937                           ;interrupts.c: 157: { LATCbits.LATC0 = 1;
   938  000204  808B               	bsf	3979,0,c	;volatile
   939                           
   940                           ;interrupts.c: 158: LATCbits.LATC1 = 0;
   941  000206  928B               	bcf	3979,1,c	;volatile
   942                           
   943                           ;interrupts.c: 159: LATCbits.LATC2 = 0;
   944  000208  948B               	bcf	3979,2,c	;volatile
   945                           
   946                           ;interrupts.c: 160: LATCbits.LATC3 = 0;
   947  00020A  968B               	bcf	3979,3,c	;volatile
   948                           
   949                           ;interrupts.c: 161: LATCbits.LATC4 = 1;
   950  00020C  888B               	bsf	3979,4,c	;volatile
   951                           
   952                           ;interrupts.c: 162: LATCbits.LATC5 = 0;
   953  00020E  9A8B               	bcf	3979,5,c	;volatile
   954                           
   955                           ;interrupts.c: 163: LATCbits.LATC6 = 0;
   956  000210  9C8B               	bcf	3979,6,c	;volatile
   957  000212  D01A               	goto	L7
   958  000214                     i2l910:
   959                           
   960                           ;interrupts.c: 167: else if (lturnstep == 2)
   961  000214  504C               	movf	_lturnstep,w,c
   962  000216  0A02               	xorlw	2
   963  000218  104D               	iorwf	_lturnstep+1,w,c
   964  00021A  A4D8               	btfss	status,2,c
   965  00021C  D009               	goto	i2l916
   966                           
   967                           ;interrupts.c: 168: { LATCbits.LATC0 = 0;
   968  00021E  908B               	bcf	3979,0,c	;volatile
   969                           
   970                           ;interrupts.c: 169: LATCbits.LATC1 = 0;
   971  000220  928B               	bcf	3979,1,c	;volatile
   972                           
   973                           ;interrupts.c: 170: LATCbits.LATC2 = 0;
   974  000222  948B               	bcf	3979,2,c	;volatile
   975                           
   976                           ;interrupts.c: 171: LATCbits.LATC3 = 1;
   977  000224  868B               	bsf	3979,3,c	;volatile
   978                           
   979                           ;interrupts.c: 172: LATCbits.LATC4 = 0;
   980  000226  988B               	bcf	3979,4,c	;volatile
   981                           
   982                           ;interrupts.c: 173: LATCbits.LATC5 = 0;
   983  000228  9A8B               	bcf	3979,5,c	;volatile
   984                           
   985                           ;interrupts.c: 174: LATCbits.LATC6 = 0;
   986  00022A  9C8B               	bcf	3979,6,c	;volatile
   987                           
   988                           ;interrupts.c: 175: LATCbits.LATC7 = 1;
   989  00022C  8E8B               	bsf	3979,7,c	;volatile
   990  00022E  D00D               	goto	L6
   991  000230                     i2l916:
   992                           
   993                           ;interrupts.c: 178: else if (lturnstep == 3)
   994  000230  504C               	movf	_lturnstep,w,c
   995  000232  0A03               	xorlw	3
   996  000234  104D               	iorwf	_lturnstep+1,w,c
   997  000236  A4D8               	btfss	status,2,c
   998  000238  D00B               	goto	i2l922
   999                           
  1000                           ;interrupts.c: 179: { LATCbits.LATC0 = 0;
  1001  00023A  908B               	bcf	3979,0,c	;volatile
  1002                           
  1003                           ;interrupts.c: 180: LATCbits.LATC1 = 0;
  1004  00023C  928B               	bcf	3979,1,c	;volatile
  1005                           
  1006                           ;interrupts.c: 181: LATCbits.LATC2 = 1;
  1007  00023E  848B               	bsf	3979,2,c	;volatile
  1008                           
  1009                           ;interrupts.c: 182: LATCbits.LATC3 = 0;
  1010  000240  968B               	bcf	3979,3,c	;volatile
  1011                           
  1012                           ;interrupts.c: 183: LATCbits.LATC4 = 0;
  1013  000242  988B               	bcf	3979,4,c	;volatile
  1014                           
  1015                           ;interrupts.c: 184: LATCbits.LATC5 = 0;
  1016  000244  9A8B               	bcf	3979,5,c	;volatile
  1017                           
  1018                           ;interrupts.c: 185: LATCbits.LATC6 = 1;
  1019  000246  8C8B               	bsf	3979,6,c	;volatile
  1020  000248                     L7:
  1021                           
  1022                           ;interrupts.c: 186: LATCbits.LATC7 = 0;
  1023  000248  9E8B               	bcf	3979,7,c	;volatile
  1024  00024A                     L6:
  1025                           
  1026                           ;interrupts.c: 187: lturnstep++;
  1027  00024A  4A4C               	infsnz	_lturnstep,f,c
  1028  00024C  2A4D               	incf	_lturnstep+1,f,c
  1029                           
  1030                           ;interrupts.c: 188: }
  1031  00024E  D013               	goto	i2l930
  1032  000250                     i2l922:
  1033                           
  1034                           ;interrupts.c: 189: else if (lturnstep == 4)
  1035  000250  504C               	movf	_lturnstep,w,c
  1036  000252  0A04               	xorlw	4
  1037  000254  104D               	iorwf	_lturnstep+1,w,c
  1038  000256  A4D8               	btfss	status,2,c
  1039  000258  D00E               	goto	i2l930
  1040                           
  1041                           ;interrupts.c: 190: { LATCbits.LATC0 = 0;
  1042  00025A  908B               	bcf	3979,0,c	;volatile
  1043                           
  1044                           ;interrupts.c: 191: LATCbits.LATC1 = 1;
  1045  00025C  828B               	bsf	3979,1,c	;volatile
  1046                           
  1047                           ;interrupts.c: 192: LATCbits.LATC2 = 0;
  1048  00025E  948B               	bcf	3979,2,c	;volatile
  1049                           
  1050                           ;interrupts.c: 193: LATCbits.LATC3 = 0;
  1051  000260  968B               	bcf	3979,3,c	;volatile
  1052                           
  1053                           ;interrupts.c: 194: LATCbits.LATC4 = 0;
  1054  000262  988B               	bcf	3979,4,c	;volatile
  1055                           
  1056                           ;interrupts.c: 195: LATCbits.LATC5 = 1;
  1057  000264  8A8B               	bsf	3979,5,c	;volatile
  1058                           
  1059                           ;interrupts.c: 196: LATCbits.LATC6 = 0;
  1060  000266  9C8B               	bcf	3979,6,c	;volatile
  1061                           
  1062                           ;interrupts.c: 197: LATCbits.LATC7 = 0;
  1063  000268  9E8B               	bcf	3979,7,c	;volatile
  1064                           
  1065                           ;interrupts.c: 198: lturnstep = 1;
  1066  00026A  0E00               	movlw	0
  1067  00026C  6E4D               	movwf	_lturnstep+1,c
  1068  00026E  0E01               	movlw	1
  1069  000270  6E4C               	movwf	_lturnstep,c
  1070                           
  1071                           ;interrupts.c: 199: lturncount++;
  1072  000272  4A15               	infsnz	_lturncount,f,c
  1073  000274  2A16               	incf	_lturncount+1,f,c
  1074  000276                     i2l930:
  1075                           
  1076                           ;interrupts.c: 200: }
  1077                           ;interrupts.c: 201: PIR2bits.TMR3IF = 0;
  1078  000276  92A1               	bcf	4001,1,c	;volatile
  1079                           
  1080                           ;interrupts.c: 202: T3CONbits.TMR3ON = 1;
  1081  000278  80B1               	bsf	4017,0,c	;volatile
  1082                           
  1083                           ;interrupts.c: 203: TMR3H = rmotorstephigh;
  1084  00027A  C054  FFB3         	movff	_rmotorstephigh,4019	;volatile
  1085                           
  1086                           ;interrupts.c: 204: TMR3L = rmotorsteplow;
  1087  00027E  C055  FFB2         	movff	_rmotorsteplow,4018	;volatile
  1088  000282                     i2l95:
  1089  000282  C047  FFF5         	movff	??_high_isr+13,tablat
  1090  000286  C046  FFF8         	movff	??_high_isr+12,tblptru
  1091  00028A  C045  FFF7         	movff	??_high_isr+11,tblptrh
  1092  00028E  C044  FFF6         	movff	??_high_isr+10,tblptrl
  1093  000292  C043  FFF4         	movff	??_high_isr+9,prodh
  1094  000296  C042  FFF3         	movff	??_high_isr+8,prodl
  1095  00029A  C041  FFDA         	movff	??_high_isr+7,fsr2h
  1096  00029E  C040  FFD9         	movff	??_high_isr+6,fsr2l
  1097  0002A2  C03F  FFE2         	movff	??_high_isr+5,fsr1h
  1098  0002A6  C03E  FFE1         	movff	??_high_isr+4,fsr1l
  1099  0002AA  C03D  FFEA         	movff	??_high_isr+3,fsr0h
  1100  0002AE  C03C  FFE9         	movff	??_high_isr+2,fsr0l
  1101  0002B2  C03B  FFFB         	movff	??_high_isr+1,pclatu
  1102  0002B6  C03A  FFFA         	movff	??_high_isr,pclath
  1103  0002BA  0011               	retfie		f
  1104  0002BC                     __end_of_high_isr:
  1105                           	opt stack 0
  1106  0000                     pclatu	equ	0xFFB
  1107                           pclath	equ	0xFFA
  1108                           tblptru	equ	0xFF8
  1109                           tblptrh	equ	0xFF7
  1110                           tblptrl	equ	0xFF6
  1111                           tablat	equ	0xFF5
  1112                           prodh	equ	0xFF4
  1113                           prodl	equ	0xFF3
  1114                           intcon	equ	0xFF2
  1115                           postinc0	equ	0xFEE
  1116                           fsr0h	equ	0xFEA
  1117                           fsr0l	equ	0xFE9
  1118                           wreg	equ	0xFE8
  1119                           fsr1h	equ	0xFE2
  1120                           fsr1l	equ	0xFE1
  1121                           bsr	equ	0xFE0
  1122                           fsr2h	equ	0xFDA
  1123                           fsr2l	equ	0xFD9
  1124                           status	equ	0xFD8
  1125                           pclatu	equ	0xFFB
  1126                           pclath	equ	0xFFA
  1127                           tblptru	equ	0xFF8
  1128                           tblptrh	equ	0xFF7
  1129                           tblptrl	equ	0xFF6
  1130                           tablat	equ	0xFF5
  1131                           prodh	equ	0xFF4
  1132                           prodl	equ	0xFF3
  1133                           intcon	equ	0xFF2
  1134                           postinc0	equ	0xFEE
  1135                           fsr0h	equ	0xFEA
  1136                           fsr0l	equ	0xFE9
  1137                           wreg	equ	0xFE8
  1138                           fsr1h	equ	0xFE2
  1139                           fsr1l	equ	0xFE1
  1140                           bsr	equ	0xFE0
  1141                           fsr2h	equ	0xFDA
  1142                           fsr2l	equ	0xFD9
  1143                           status	equ	0xFD8
  1144                           
  1145                           	psect	rparam
  1146  0000                     pclatu	equ	0xFFB
  1147                           pclath	equ	0xFFA
  1148                           tblptru	equ	0xFF8
  1149                           tblptrh	equ	0xFF7
  1150                           tblptrl	equ	0xFF6
  1151                           tablat	equ	0xFF5
  1152                           prodh	equ	0xFF4
  1153                           prodl	equ	0xFF3
  1154                           intcon	equ	0xFF2
  1155                           postinc0	equ	0xFEE
  1156                           fsr0h	equ	0xFEA
  1157                           fsr0l	equ	0xFE9
  1158                           wreg	equ	0xFE8
  1159                           fsr1h	equ	0xFE2
  1160                           fsr1l	equ	0xFE1
  1161                           bsr	equ	0xFE0
  1162                           fsr2h	equ	0xFDA
  1163                           fsr2l	equ	0xFD9
  1164                           status	equ	0xFD8


Data Sizes:
    Strings     0
    Constant    0
    Data        0
    BSS         40
    Persistent  14
    Stack       0

Auto Spaces:
    Space          Size  Autos    Used
    COMRAM          127     31      85
    BANK0           128      0       0
    BANK1           256      0       0
    BANK2           256      0       0
    BANK3           256      0       0
    BANK4           256      0       0
    BANK5           256      0       0
    BANK6           256      0       0
    BANK7           256      0       0
    BANK8           256      0       0
    BANK9           256      0       0
    BANK10          256      0       0
    BANK11          256      0       0
    BANK12          256      0       0
    BANK13          256      0       0
    BANK14          256      0       0
    BANK15          128      0       0

Pointer List with Targets:

    None.

Critical Paths under _main in COMRAM

    None.

Critical Paths under _high_isr in COMRAM

    None.

Critical Paths under _low_isr in COMRAM

    None.

Critical Paths under _main in BANK0

    None.

Critical Paths under _high_isr in BANK0

    None.

Critical Paths under _low_isr in BANK0

    None.

Critical Paths under _main in BANK1

    None.

Critical Paths under _high_isr in BANK1

    None.

Critical Paths under _low_isr in BANK1

    None.

Critical Paths under _main in BANK2

    None.

Critical Paths under _high_isr in BANK2

    None.

Critical Paths under _low_isr in BANK2

    None.

Critical Paths under _main in BANK3

    None.

Critical Paths under _high_isr in BANK3

    None.

Critical Paths under _low_isr in BANK3

    None.

Critical Paths under _main in BANK4

    None.

Critical Paths under _high_isr in BANK4

    None.

Critical Paths under _low_isr in BANK4

    None.

Critical Paths under _main in BANK5

    None.

Critical Paths under _high_isr in BANK5

    None.

Critical Paths under _low_isr in BANK5

    None.

Critical Paths under _main in BANK6

    None.

Critical Paths under _high_isr in BANK6

    None.

Critical Paths under _low_isr in BANK6

    None.

Critical Paths under _main in BANK7

    None.

Critical Paths under _high_isr in BANK7

    None.

Critical Paths under _low_isr in BANK7

    None.

Critical Paths under _main in BANK8

    None.

Critical Paths under _high_isr in BANK8

    None.

Critical Paths under _low_isr in BANK8

    None.

Critical Paths under _main in BANK9

    None.

Critical Paths under _high_isr in BANK9

    None.

Critical Paths under _low_isr in BANK9

    None.

Critical Paths under _main in BANK10

    None.

Critical Paths under _high_isr in BANK10

    None.

Critical Paths under _low_isr in BANK10

    None.

Critical Paths under _main in BANK11

    None.

Critical Paths under _high_isr in BANK11

    None.

Critical Paths under _low_isr in BANK11

    None.

Critical Paths under _main in BANK12

    None.

Critical Paths under _high_isr in BANK12

    None.

Critical Paths under _low_isr in BANK12

    None.

Critical Paths under _main in BANK13

    None.

Critical Paths under _high_isr in BANK13

    None.

Critical Paths under _low_isr in BANK13

    None.

Critical Paths under _main in BANK14

    None.

Critical Paths under _high_isr in BANK14

    None.

Critical Paths under _low_isr in BANK14

    None.

Critical Paths under _main in BANK15

    None.

Critical Paths under _high_isr in BANK15

    None.

Critical Paths under _low_isr in BANK15

    None.

Call Graph Tables:

 ---------------------------------------------------------------------------------
 (Depth) Function   	        Calls       Base Space   Used Autos Params    Refs
 ---------------------------------------------------------------------------------
 (0) _main                                                 0     0      0       0
                _ConfigureOscillator
 ---------------------------------------------------------------------------------
 (1) _ConfigureOscillator                                  0     0      0       0
 ---------------------------------------------------------------------------------
 Estimated maximum stack depth 1
 ---------------------------------------------------------------------------------
 (Depth) Function   	        Calls       Base Space   Used Autos Params    Refs
 ---------------------------------------------------------------------------------
 (2) _low_isr                                             17    17      0       0
                                              0 COMRAM    17    17      0
 ---------------------------------------------------------------------------------
 Estimated maximum stack depth 2
 ---------------------------------------------------------------------------------
 (Depth) Function   	        Calls       Base Space   Used Autos Params    Refs
 ---------------------------------------------------------------------------------
 (3) _high_isr                                            14    14      0       0
                                             17 COMRAM    14    14      0
 ---------------------------------------------------------------------------------
 Estimated maximum stack depth 3
 ---------------------------------------------------------------------------------

 Call Graph Graphs:

 _main (ROOT)
   _ConfigureOscillator

 _low_isr (ROOT)

 _high_isr (ROOT)

 Address spaces:
Name               Size   Autos  Total    Cost      Usage
BIGRAM             F7F      0       0      37        0.0%
EEDATA             400      0       0       0        0.0%
BITBANK14          100      0       0      32        0.0%
BANK14             100      0       0      33        0.0%
BITBANK13          100      0       0      30        0.0%
BANK13             100      0       0      31        0.0%
BITBANK12          100      0       0      28        0.0%
BANK12             100      0       0      29        0.0%
BITBANK11          100      0       0      26        0.0%
BANK11             100      0       0      27        0.0%
BITBANK10          100      0       0      24        0.0%
BANK10             100      0       0      25        0.0%
BITBANK9           100      0       0      22        0.0%
BANK9              100      0       0      23        0.0%
BITBANK8           100      0       0      20        0.0%
BANK8              100      0       0      21        0.0%
BITBANK7           100      0       0      18        0.0%
BANK7              100      0       0      19        0.0%
BITBANK6           100      0       0      16        0.0%
BANK6              100      0       0      17        0.0%
BITBANK5           100      0       0      14        0.0%
BANK5              100      0       0      15        0.0%
BITBANK4           100      0       0      12        0.0%
BANK4              100      0       0      13        0.0%
BITBANK3           100      0       0      10        0.0%
BANK3              100      0       0      11        0.0%
BITBANK2           100      0       0       8        0.0%
BANK2              100      0       0       9        0.0%
BITBANK1           100      0       0       6        0.0%
BANK1              100      0       0       7        0.0%
BITBANK15           80      0       0      35        0.0%
BANK15              80      0       0      36        0.0%
BITBANK0            80      0       0       4        0.0%
BANK0               80      0       0       5        0.0%
BITCOMRAM           7F      0       0       0        0.0%
COMRAM              7F     1F      55       1       66.9%
BITSFR               0      0       0      40        0.0%
SFR                  0      0       0      40        0.0%
STACK                0      0       0       2        0.0%
NULL                 0      0       0       0        0.0%
ABS                  0      0      55      34        0.0%
DATA                 0      0      55       3        0.0%
CODE                 0      0       0       0        0.0%


Microchip Technology PIC18 Macro Assembler V1.33 build 59893 
Symbol Table                                                                                   Mon Apr 27 04:21:08 2015

                          bsr 000FE0                   __CFG_BORV$3 000000                  __CFG_CP0$OFF 000000  
                __CFG_CP1$OFF 000000                  __CFG_CP2$OFF 000000                  __CFG_CP3$OFF 000000  
                 __CFG_LVP$ON 000000                           l223 038A                  __CFG_CPB$OFF 000000  
                __CFG_CPD$OFF 000000                           _adc 0001                           wreg 000FE8  
                __CFG_WDT$OFF 000000                          _LATC 000F8B                          _LATD 000F8C  
                        i2l95 0282                          _main 02BC                          _left 000B  
                        fsr0h 000FEA                          fsr1h 000FE2                          fsr0l 000FE9  
                        fsr2h 000FDA                          fsr1l 000FE1                          fsr2l 000FD9  
                        pclat 000FFA                          prodh 000FF4                          prodl 000FF3  
                        start 00A2                 __CFG_IESO$OFF 000000                 _rmotorsteplow 0055  
                       ?_main 0029                         i2l910 0214                         i2l830 0106  
                       i2l922 0250                         i2l930 0276                         i2l842 0132  
                       i2l850 0150                         i2l916 0230                         i2l836 011A  
                       i2l870 018E                         i2l882 01BA                         i2l890 01D8  
                       i2l858 015C                         i2l876 01A2                         i2l898 01E4  
                       _TMR1H 000FCF                         _TMR3H 000FB3                         _TMR1L 000FCE  
                       _TMR3L 000FB2                         _TRISA 000F92                         _TRISB 000F93  
                       _TRISC 000F94                         _TRISD 000F95           _ConfigureOscillator 039E  
               __CFG_PWRT$OFF 000000                 __CFG_WRT0$OFF 000000                 __CFG_WRT1$OFF 000000  
               __CFG_WRT2$OFF 000000                 __CFG_WRT3$OFF 000000                __CFG_EBTR0$OFF 000000  
              __CFG_FCMEN$OFF 000000                __CFG_EBTR1$OFF 000000                __CFG_EBTR2$OFF 000000  
              __CFG_EBTR3$OFF 000000                 __CFG_WRTB$OFF 000000                 __CFG_WRTC$OFF 000000  
               __CFG_WRTD$OFF 000000                __CFG_EBTRB$OFF 000000                         _right 001B  
                       _lstep 004A                         _lturn 0013                         _rstep 004E  
                       _ustep 0050                         _uturn 0027               __end_of_low_isr 00A2  
                       tablat 000FF5                         status 000FD8          ?_ConfigureOscillator 0029  
              __CFG_MCLRE$OFF 000000               __initialization 038C                  __end_of_main 038C  
                      ??_main 0048                 __activetblptr 000000                _rmotorstephigh 0054  
                      _ADRESH 000FC4                        _ADRESL 000FC3                        _OSCCON 000FD3  
       ??_ConfigureOscillator 0048                __CFG_XINST$OFF 000000              __end_of_high_isr 02BC  
              __CFG_STVREN$ON 000000                        clear_0 0392                     ??_low_isr 0029  
                      tblptrh 000FF7                        tblptrl 000FF6                        tblptru 000FF8  
                  __accesstop 0080       __end_of__initialization 0398               __CFG_PBADEN$OFF 000000  
              __pcstackCOMRAM 0029                    __pnvCOMRAM 0048                _lmotorstephigh 0052  
                     _OSCTUNE 000F9B                     ?_high_isr 0029                       __Hparam 0000  
                     __Lparam 0000                       __pcinit 038C                       __ramtop 1000  
                     __ptext0 02BC                       __ptext1 039E                    _front_wall 0003  
                   _T1CONbits 000FCD                       _leftadc 000F                       _forward 0048  
                   _T3CONbits 000FB1                       _low_isr 0018                    ??_high_isr 003A  
              __pintcode_body 00A6          end_of_initialization 0398                       int_func 00A6  
                  _right_wall 001D                       postinc0 000FEE                    _lstepcount 0011  
                  _lturncount 0015   __end_of_ConfigureOscillator 03A0                    _rstepcount 0025  
         start_initialization 038C              __CFG_OSC$INTIO67 000000              __CFG_LPT1OSC$OFF 000000  
                 __pbssCOMRAM 0001             __size_of_high_isr 02B4             __CFG_CCP2MX$PORTC 000000  
                   __pintcode 0008                 _lmotorsteplow 0053                   __pintcodelo 0018  
              _has_front_wall 0005                     _left_wall 000D                      ?_low_isr 0029  
                   _middleadc 0017                      _LATCbits 000F8B                      _PIE1bits 000F9D  
                    _PIE2bits 000FA0                      _PIR1bits 000F9E                      _PIR2bits 000FA1  
                   _rightstep 0021                _has_right_wall 0009                      _RCONbits 000FD0  
            __CFG_WDTPS$32768 000000                 _rightturnstep 0023                     _lturnstep 004C  
                  _ADCON0bits 000FC2                    _ADCON1bits 000FC1                    _ADCON2bits 000FC0  
                    __Hrparam 0000                      __Lrparam 0000            __CFG_BOREN$SBORDIS 000000  
               _has_left_wall 0007              __size_of_low_isr 008A                      _high_isr 0008  
               __size_of_main 00D0  __size_of_ConfigureOscillator 0002                      _rightadc 001F  
                    _prev_adc 0019                    _INTCONbits 000FF2                      intlevel1 0000  
                    intlevel2 0000  
